<?xml version="1.0" encoding="UTF-8"?>
<testsuite name="br.com.sigo.DemoApplicationTests" time="0.005" tests="1" errors="1" skipped="0" failures="0">
  <properties>
[...]
</properties>
  <testcase name="contextLoads" classname="br.com.sigo.DemoApplicationTests" time="0.005">
    <error message="Failed to load ApplicationContext" type="java.lang.IllegalStateException">java.lang.IllegalStateException: Failed to load ApplicationContext
	at org.springframework.test.context.cache.DefaultCacheAwareContextLoaderDelegate.loadContext(DefaultCacheAwareContextLoaderDelegate.java:124)
	at org.springframework.test.context.support.DefaultTestContext.getApplicationContext(DefaultTestContext.java:83)
	at org.springframework.test.context.web.ServletTestExecutionListener.setUpRequestContextIfNecessary(ServletTestExecutionListener.java:189)
	at org.springframework.test.context.web.ServletTestExecutionListener.prepareTestInstance(ServletTestExecutionListener.java:131)
	at org.springframework.test.context.TestContextManager.prepareTestInstance(TestContextManager.java:230)
	at org.springframework.test.context.junit4.SpringJUnit4ClassRunner.createTest(SpringJUnit4ClassRunner.java:228)
	at org.springframework.test.context.junit4.SpringJUnit4ClassRunner$1.runReflectiveCall(SpringJUnit4ClassRunner.java:287)
	at org.junit.internal.runners.model.ReflectiveCallable.run(ReflectiveCallable.java:12)
	at org.springframework.test.context.junit4.SpringJUnit4ClassRunner.methodBlock(SpringJUnit4ClassRunner.java:289)
	at org.springframework.test.context.junit4.SpringJUnit4ClassRunner.runChild(SpringJUnit4ClassRunner.java:247)
	at org.springframework.test.context.junit4.SpringJUnit4ClassRunner.runChild(SpringJUnit4ClassRunner.java:94)
	at org.junit.runners.ParentRunner$3.run(ParentRunner.java:290)
	at org.junit.runners.ParentRunner$1.schedule(ParentRunner.java:71)
	at org.junit.runners.ParentRunner.runChildren(ParentRunner.java:288)
	at org.junit.runners.ParentRunner.access$000(ParentRunner.java:58)
	at org.junit.runners.ParentRunner$2.evaluate(ParentRunner.java:268)
	at org.springframework.test.context.junit4.statements.RunBeforeTestClassCallbacks.evaluate(RunBeforeTestClassCallbacks.java:61)
	at org.springframework.test.context.junit4.statements.RunAfterTestClassCallbacks.evaluate(RunAfterTestClassCallbacks.java:70)
	at org.junit.runners.ParentRunner.run(ParentRunner.java:363)
	at org.springframework.test.context.junit4.SpringJUnit4ClassRunner.run(SpringJUnit4ClassRunner.java:191)
	at org.apache.maven.surefire.junit4.JUnit4Provider.execute(JUnit4Provider.java:283)
	at org.apache.maven.surefire.junit4.JUnit4Provider.executeWithRerun(JUnit4Provider.java:173)
	at org.apache.maven.surefire.junit4.JUnit4Provider.executeTestSet(JUnit4Provider.java:153)
	at org.apache.maven.surefire.junit4.JUnit4Provider.invoke(JUnit4Provider.java:128)
	at org.apache.maven.surefire.booter.ForkedBooter.invokeProviderInSameClassLoader(ForkedBooter.java:203)
	at org.apache.maven.surefire.booter.ForkedBooter.runSuitesInProcess(ForkedBooter.java:155)
	at org.apache.maven.surefire.booter.ForkedBooter.main(ForkedBooter.java:103)
Caused by: org.apache.camel.spring.boot.CamelSpringBootInitializationException: java.lang.IllegalArgumentException: Must add verb first, such as get/post/delete
	at org.apache.camel.spring.boot.RoutesCollector.onApplicationEvent(RoutesCollector.java:133)
	at org.apache.camel.spring.boot.RoutesCollector.onApplicationEvent(RoutesCollector.java:57)
	at org.springframework.context.event.SimpleApplicationEventMulticaster.doInvokeListener(SimpleApplicationEventMulticaster.java:172)
	at org.springframework.context.event.SimpleApplicationEventMulticaster.invokeListener(SimpleApplicationEventMulticaster.java:165)
	at org.springframework.context.event.SimpleApplicationEventMulticaster.multicastEvent(SimpleApplicationEventMulticaster.java:139)
	at org.springframework.context.support.AbstractApplicationContext.publishEvent(AbstractApplicationContext.java:393)
	at org.springframework.context.support.AbstractApplicationContext.publishEvent(AbstractApplicationContext.java:347)
	at org.springframework.context.support.AbstractApplicationContext.finishRefresh(AbstractApplicationContext.java:883)
	at org.springframework.context.support.AbstractApplicationContext.refresh(AbstractApplicationContext.java:546)
	at org.springframework.boot.SpringApplication.refresh(SpringApplication.java:693)
	at org.springframework.boot.SpringApplication.refreshContext(SpringApplication.java:360)
	at org.springframework.boot.SpringApplication.run(SpringApplication.java:303)
	at org.springframework.boot.test.context.SpringBootContextLoader.loadContext(SpringBootContextLoader.java:120)
	at org.springframework.test.context.cache.DefaultCacheAwareContextLoaderDelegate.loadContextInternal(DefaultCacheAwareContextLoaderDelegate.java:98)
	at org.springframework.test.context.cache.DefaultCacheAwareContextLoaderDelegate.loadContext(DefaultCacheAwareContextLoaderDelegate.java:116)
	at org.springframework.test.context.support.DefaultTestContext.getApplicationContext(DefaultTestContext.java:83)
	at org.springframework.test.context.web.ServletTestExecutionListener.setUpRequestContextIfNecessary(ServletTestExecutionListener.java:189)
	at org.springframework.test.context.web.ServletTestExecutionListener.prepareTestInstance(ServletTestExecutionListener.java:131)
	at org.springframework.test.context.TestContextManager.prepareTestInstance(TestContextManager.java:230)
	at org.springframework.test.context.junit4.SpringJUnit4ClassRunner.createTest(SpringJUnit4ClassRunner.java:228)
	at org.springframework.test.context.junit4.SpringJUnit4ClassRunner$1.runReflectiveCall(SpringJUnit4ClassRunner.java:287)
	at org.junit.internal.runners.model.ReflectiveCallable.run(ReflectiveCallable.java:12)
	at org.springframework.test.context.junit4.SpringJUnit4ClassRunner.methodBlock(SpringJUnit4ClassRunner.java:289)
	at org.springframework.test.context.junit4.SpringJUnit4ClassRunner.runChild(SpringJUnit4ClassRunner.java:247)
	at org.springframework.test.context.junit4.SpringJUnit4ClassRunner.runChild(SpringJUnit4ClassRunner.java:94)
	at org.junit.runners.ParentRunner$3.run(ParentRunner.java:290)
	at org.junit.runners.ParentRunner$1.schedule(ParentRunner.java:71)
	at org.junit.runners.ParentRunner.runChildren(ParentRunner.java:288)
	at org.junit.runners.ParentRunner.access$000(ParentRunner.java:58)
	at org.junit.runners.ParentRunner$2.evaluate(ParentRunner.java:268)
	at org.springframework.test.context.junit4.statements.RunBeforeTestClassCallbacks.evaluate(RunBeforeTestClassCallbacks.java:61)
	at org.springframework.test.context.junit4.statements.RunAfterTestClassCallbacks.evaluate(RunAfterTestClassCallbacks.java:70)
	at org.junit.runners.ParentRunner.run(ParentRunner.java:363)
	at org.springframework.test.context.junit4.SpringJUnit4ClassRunner.run(SpringJUnit4ClassRunner.java:191)
	at org.apache.maven.surefire.junit4.JUnit4Provider.execute(JUnit4Provider.java:283)
	at org.apache.maven.surefire.junit4.JUnit4Provider.executeWithRerun(JUnit4Provider.java:173)
	at org.apache.maven.surefire.junit4.JUnit4Provider.executeTestSet(JUnit4Provider.java:153)
	at org.apache.maven.surefire.junit4.JUnit4Provider.invoke(JUnit4Provider.java:128)
	at org.apache.maven.surefire.booter.ForkedBooter.invokeProviderInSameClassLoader(ForkedBooter.java:203)
	at org.apache.maven.surefire.booter.ForkedBooter.runSuitesInProcess(ForkedBooter.java:155)
	at org.apache.maven.surefire.booter.ForkedBooter.main(ForkedBooter.java:103)
Caused by: java.lang.IllegalArgumentException: Must add verb first, such as get/post/delete
	at org.apache.camel.model.rest.RestDefinition.to(RestDefinition.java:530)
	at br.com.sigo.config.CamelRouteConfig.configure(CamelRouteConfig.java:33)
	at org.apache.camel.builder.RouteBuilder.checkInitialized(RouteBuilder.java:462)
	at org.apache.camel.builder.RouteBuilder.configureRoutes(RouteBuilder.java:402)
	at org.apache.camel.builder.RouteBuilder.addRoutesToCamelContext(RouteBuilder.java:383)
	at org.apache.camel.impl.DefaultCamelContext$1.call(DefaultCamelContext.java:1032)
	at org.apache.camel.impl.DefaultCamelContext$1.call(DefaultCamelContext.java:1029)
	at org.apache.camel.impl.DefaultCamelContext.doWithDefinedClassLoader(DefaultCamelContext.java:3268)
	at org.apache.camel.impl.DefaultCamelContext.addRoutes(DefaultCamelContext.java:1029)
	at org.apache.camel.spring.boot.RoutesCollector.onApplicationEvent(RoutesCollector.java:131)
	at org.apache.camel.spring.boot.RoutesCollector.onApplicationEvent(RoutesCollector.java:57)
	at org.springframework.context.event.SimpleApplicationEventMulticaster.doInvokeListener(SimpleApplicationEventMulticaster.java:172)
	at org.springframework.context.event.SimpleApplicationEventMulticaster.invokeListener(SimpleApplicationEventMulticaster.java:165)
	at org.springframework.context.event.SimpleApplicationEventMulticaster.multicastEvent(SimpleApplicationEventMulticaster.java:139)
	at org.springframework.context.support.AbstractApplicationContext.publishEvent(AbstractApplicationContext.java:393)
	at org.springframework.context.support.AbstractApplicationContext.publishEvent(AbstractApplicationContext.java:347)
	at org.springframework.context.support.AbstractApplicationContext.finishRefresh(AbstractApplicationContext.java:883)
	at org.springframework.context.support.AbstractApplicationContext.refresh(AbstractApplicationContext.java:546)
	at org.springframework.boot.SpringApplication.refresh(SpringApplication.java:693)
	at org.springframework.boot.SpringApplication.refreshContext(SpringApplication.java:360)
	at org.springframework.boot.SpringApplication.run(SpringApplication.java:303)
	at org.springframework.boot.test.context.SpringBootContextLoader.loadContext(SpringBootContextLoader.java:120)
	at org.springframework.test.context.cache.DefaultCacheAwareContextLoaderDelegate.loadContextInternal(DefaultCacheAwareContextLoaderDelegate.java:98)
	at org.springframework.test.context.cache.DefaultCacheAwareContextLoaderDelegate.loadContext(DefaultCacheAwareContextLoaderDelegate.java:116)
	at org.springframework.test.context.support.DefaultTestContext.getApplicationContext(DefaultTestContext.java:83)
	at org.springframework.test.context.web.ServletTestExecutionListener.setUpRequestContextIfNecessary(ServletTestExecutionListener.java:189)
	at org.springframework.test.context.web.ServletTestExecutionListener.prepareTestInstance(ServletTestExecutionListener.java:131)
	at org.springframework.test.context.TestContextManager.prepareTestInstance(TestContextManager.java:230)
	at org.springframework.test.context.junit4.SpringJUnit4ClassRunner.createTest(SpringJUnit4ClassRunner.java:228)
	at org.springframework.test.context.junit4.SpringJUnit4ClassRunner$1.runReflectiveCall(SpringJUnit4ClassRunner.java:287)
	at org.junit.internal.runners.model.ReflectiveCallable.run(ReflectiveCallable.java:12)
	at org.springframework.test.context.junit4.SpringJUnit4ClassRunner.methodBlock(SpringJUnit4ClassRunner.java:289)
	at org.springframework.test.context.junit4.SpringJUnit4ClassRunner.runChild(SpringJUnit4ClassRunner.java:247)
	at org.springframework.test.context.junit4.SpringJUnit4ClassRunner.runChild(SpringJUnit4ClassRunner.java:94)
	at org.junit.runners.ParentRunner$3.run(ParentRunner.java:290)
	at org.junit.runners.ParentRunner$1.schedule(ParentRunner.java:71)
	at org.junit.runners.ParentRunner.runChildren(ParentRunner.java:288)
	at org.junit.runners.ParentRunner.access$000(ParentRunner.java:58)
	at org.junit.runners.ParentRunner$2.evaluate(ParentRunner.java:268)
	at org.springframework.test.context.junit4.statements.RunBeforeTestClassCallbacks.evaluate(RunBeforeTestClassCallbacks.java:61)
	at org.springframework.test.context.junit4.statements.RunAfterTestClassCallbacks.evaluate(RunAfterTestClassCallbacks.java:70)
	at org.junit.runners.ParentRunner.run(ParentRunner.java:363)
	at org.springframework.test.context.junit4.SpringJUnit4ClassRunner.run(SpringJUnit4ClassRunner.java:191)
	at org.apache.maven.surefire.junit4.JUnit4Provider.execute(JUnit4Provider.java:283)
	at org.apache.maven.surefire.junit4.JUnit4Provider.executeWithRerun(JUnit4Provider.java:173)
	at org.apache.maven.surefire.junit4.JUnit4Provider.executeTestSet(JUnit4Provider.java:153)
	at org.apache.maven.surefire.junit4.JUnit4Provider.invoke(JUnit4Provider.java:128)
	at org.apache.maven.surefire.booter.ForkedBooter.invokeProviderInSameClassLoader(ForkedBooter.java:203)
	at org.apache.maven.surefire.booter.ForkedBooter.runSuitesInProcess(ForkedBooter.java:155)
	at org.apache.maven.surefire.booter.ForkedBooter.main(ForkedBooter.java:103)
</error>
    <system-out><![CDATA[02:00:56.085 [main] DEBUG org.springframework.test.context.junit4.SpringJUnit4ClassRunner - SpringJUnit4ClassRunner constructor called with [class br.com.sigo.DemoApplicationTests]
02:00:56.085 [main] DEBUG org.springframework.test.context.BootstrapUtils - Instantiating CacheAwareContextLoaderDelegate from class [org.springframework.test.context.cache.DefaultCacheAwareContextLoaderDelegate]
02:00:56.102 [main] DEBUG org.springframework.test.context.BootstrapUtils - Instantiating BootstrapContext using constructor [public org.springframework.test.context.support.DefaultBootstrapContext(java.lang.Class,org.springframework.test.context.CacheAwareContextLoaderDelegate)]
02:00:56.118 [main] DEBUG org.springframework.test.context.BootstrapUtils - Instantiating TestContextBootstrapper for test class [br.com.sigo.DemoApplicationTests] from class [org.springframework.boot.test.context.SpringBootTestContextBootstrapper]
02:00:56.135 [main] INFO org.springframework.boot.test.context.SpringBootTestContextBootstrapper - Neither @ContextConfiguration nor @ContextHierarchy found for test class [br.com.sigo.DemoApplicationTests], using SpringBootContextLoader
02:00:56.135 [main] DEBUG org.springframework.test.context.support.AbstractContextLoader - Did not detect default resource location for test class [br.com.sigo.DemoApplicationTests]: class path resource [br/com/sigo/DemoApplicationTests-context.xml] does not exist
02:00:56.135 [main] DEBUG org.springframework.test.context.support.AbstractContextLoader - Did not detect default resource location for test class [br.com.sigo.DemoApplicationTests]: class path resource [br/com/sigo/DemoApplicationTestsContext.groovy] does not exist
02:00:56.135 [main] INFO org.springframework.test.context.support.AbstractContextLoader - Could not detect default resource locations for test class [br.com.sigo.DemoApplicationTests]: no resource found for suffixes {-context.xml, Context.groovy}.
02:00:56.135 [main] INFO org.springframework.test.context.support.AnnotationConfigContextLoaderUtils - Could not detect default configuration classes for test class [br.com.sigo.DemoApplicationTests]: DemoApplicationTests does not declare any static, non-private, non-final, nested classes annotated with @Configuration.
02:00:56.168 [main] DEBUG org.springframework.test.context.support.ActiveProfilesUtils - Could not find an 'annotation declaring class' for annotation type [org.springframework.test.context.ActiveProfiles] and class [br.com.sigo.DemoApplicationTests]
02:00:56.189 [main] DEBUG org.springframework.core.env.StandardEnvironment - Adding PropertySource 'systemProperties' with lowest search precedence
02:00:56.189 [main] DEBUG org.springframework.core.env.StandardEnvironment - Adding PropertySource 'systemEnvironment' with lowest search precedence
02:00:56.189 [main] DEBUG org.springframework.core.env.StandardEnvironment - Initialized StandardEnvironment with PropertySources [MapPropertySource@917819120 {name='systemProperties', properties={idea.version=2020.3.2, java.runtime.name=Java(TM) SE Runtime Environment, sun.boot.library.path=C:\Program Files\Java\jdk1.8.0_241\jre\bin, java.vm.version=25.241-b07, java.vm.vendor=Oracle Corporation, java.vendor.url=http://java.oracle.com/, path.separator=;, java.vm.name=Java HotSpot(TM) 64-Bit Server VM, file.encoding.pkg=sun.io, user.country=BR, user.script=, sun.java.launcher=SUN_STANDARD, sun.os.patch.level=, java.vm.specification.name=Java Virtual Machine Specification, user.dir=C:\projetos\tcc-pos-puc\camel\rest2soap, java.runtime.version=1.8.0_241-b07, basedir=C:\projetos\tcc-pos-puc\camel\rest2soap, java.awt.graphicsenv=sun.awt.Win32GraphicsEnvironment, java.endorsed.dirs=C:\Program Files\Java\jdk1.8.0_241\jre\lib\endorsed, os.arch=amd64, surefire.real.class.path=C:\projetos\tcc-pos-puc\camel\rest2soap\target\surefire\surefirebooter4102942928154739304.jar, java.io.tmpdir=C:\Users\MARCOS~1\AppData\Local\Temp\, line.separator=
, java.vm.specification.vendor=Oracle Corporation, user.variant=, os.name=Windows 10, sun.jnu.encoding=Cp1252, java.library.path=C:\Program Files\Java\jdk1.8.0_241\jre\bin;C:\Windows\Sun\Java\bin;C:\Windows\system32;C:\Windows;C:\Program Files (x86)\Common Files\Oracle\Java\javapath;C:\Windows\system32;C:\Windows;C:\Windows\System32\Wbem;C:\Windows\System32\WindowsPowerShell\v1.0\;C:\Windows\System32\OpenSSH\;%JAVA-HOME%\bin;C:\Program Files\Git\cmd;C:\apache-maven-3.6.3\bin;;C:\Program Files\nodejs\;C:\Program Files\Docker\Docker\resources\bin;C:\ProgramData\DockerDesktop\version-bin;C:\Users\Marcos Di骻enes\AppData\Local\Microsoft\WindowsApps;;C:\Users\Marcos Di骻enes\AppData\Local\Programs\Microsoft VS Code\bin;C:\Users\Marcos Di骻enes\AppData\Roaming\npm;., surefire.test.class.path=C:\projetos\tcc-pos-puc\camel\rest2soap\target\test-classes;C:\projetos\tcc-pos-puc\camel\rest2soap\target\classes;C:\Users\Marcos Di骻enes\.m2\repository\org\springframework\boot\spring-boot-starter-web\1.5.9.RELEASE\spring-boot-starter-web-1.5.9.RELEASE.jar;C:\Users\Marcos Di骻enes\.m2\repository\org\springframework\boot\spring-boot-starter\1.5.9.RELEASE\spring-boot-starter-1.5.9.RELEASE.jar;C:\Users\Marcos Di骻enes\.m2\repository\org\springframework\boot\spring-boot\1.5.9.RELEASE\spring-boot-1.5.9.RELEASE.jar;C:\Users\Marcos Di骻enes\.m2\repository\org\springframework\boot\spring-boot-autoconfigure\1.5.9.RELEASE\spring-boot-autoconfigure-1.5.9.RELEASE.jar;C:\Users\Marcos Di骻enes\.m2\repository\org\springframework\boot\spring-boot-starter-logging\1.5.9.RELEASE\spring-boot-starter-logging-1.5.9.RELEASE.jar;C:\Users\Marcos Di骻enes\.m2\repository\ch\qos\logback\logback-classic\1.1.11\logback-classic-1.1.11.jar;C:\Users\Marcos Di骻enes\.m2\repository\ch\qos\logback\logback-core\1.1.11\logback-core-1.1.11.jar;C:\Users\Marcos Di骻enes\.m2\repository\org\slf4j\jcl-over-slf4j\1.7.25\jcl-over-slf4j-1.7.25.jar;C:\Users\Marcos Di骻enes\.m2\repository\org\slf4j\jul-to-slf4j\1.7.25\jul-to-slf4j-1.7.25.jar;C:\Users\Marcos Di骻enes\.m2\repository\org\slf4j\log4j-over-slf4j\1.7.25\log4j-over-slf4j-1.7.25.jar;C:\Users\Marcos Di骻enes\.m2\repository\org\springframework\boot\spring-boot-starter-tomcat\1.5.9.RELEASE\spring-boot-starter-tomcat-1.5.9.RELEASE.jar;C:\Users\Marcos Di骻enes\.m2\repository\org\apache\tomcat\embed\tomcat-embed-core\8.5.23\tomcat-embed-core-8.5.23.jar;C:\Users\Marcos Di骻enes\.m2\repository\org\apache\tomcat\tomcat-annotations-api\8.5.23\tomcat-annotations-api-8.5.23.jar;C:\Users\Marcos Di骻enes\.m2\repository\org\apache\tomcat\embed\tomcat-embed-el\8.5.23\tomcat-embed-el-8.5.23.jar;C:\Users\Marcos Di骻enes\.m2\repository\org\apache\tomcat\embed\tomcat-embed-websocket\8.5.23\tomcat-embed-websocket-8.5.23.jar;C:\Users\Marcos Di骻enes\.m2\repository\org\hibernate\hibernate-validator\5.3.6.Final\hibernate-validator-5.3.6.Final.jar;C:\Users\Marcos Di骻enes\.m2\repository\javax\validation\validation-api\1.1.0.Final\validation-api-1.1.0.Final.jar;C:\Users\Marcos Di骻enes\.m2\repository\org\jboss\logging\jboss-logging\3.3.1.Final\jboss-logging-3.3.1.Final.jar;C:\Users\Marcos Di骻enes\.m2\repository\com\fasterxml\classmate\1.3.4\classmate-1.3.4.jar;C:\Users\Marcos Di骻enes\.m2\repository\com\fasterxml\jackson\core\jackson-databind\2.8.10\jackson-databind-2.8.10.jar;C:\Users\Marcos Di骻enes\.m2\repository\org\springframework\spring-web\4.3.13.RELEASE\spring-web-4.3.13.RELEASE.jar;C:\Users\Marcos Di骻enes\.m2\repository\org\springframework\spring-aop\4.3.13.RELEASE\spring-aop-4.3.13.RELEASE.jar;C:\Users\Marcos Di骻enes\.m2\repository\org\springframework\spring-beans\4.3.13.RELEASE\spring-beans-4.3.13.RELEASE.jar;C:\Users\Marcos Di骻enes\.m2\repository\org\springframework\spring-context\4.3.13.RELEASE\spring-context-4.3.13.RELEASE.jar;C:\Users\Marcos Di骻enes\.m2\repository\org\springframework\spring-webmvc\4.3.13.RELEASE\spring-webmvc-4.3.13.RELEASE.jar;C:\Users\Marcos Di骻enes\.m2\repository\org\springframework\spring-expression\4.3.13.RELEASE\spring-expression-4.3.13.RELEASE.jar;C:\Users\Marcos Di骻enes\.m2\repository\org\springframework\boot\spring-boot-starter-test\1.5.9.RELEASE\spring-boot-starter-test-1.5.9.RELEASE.jar;C:\Users\Marcos Di骻enes\.m2\repository\org\springframework\boot\spring-boot-test\1.5.9.RELEASE\spring-boot-test-1.5.9.RELEASE.jar;C:\Users\Marcos Di骻enes\.m2\repository\org\springframework\boot\spring-boot-test-autoconfigure\1.5.9.RELEASE\spring-boot-test-autoconfigure-1.5.9.RELEASE.jar;C:\Users\Marcos Di骻enes\.m2\repository\com\jayway\jsonpath\json-path\2.2.0\json-path-2.2.0.jar;C:\Users\Marcos Di骻enes\.m2\repository\net\minidev\json-smart\2.2.1\json-smart-2.2.1.jar;C:\Users\Marcos Di骻enes\.m2\repository\net\minidev\accessors-smart\1.1\accessors-smart-1.1.jar;C:\Users\Marcos Di骻enes\.m2\repository\junit\junit\4.12\junit-4.12.jar;C:\Users\Marcos Di骻enes\.m2\repository\org\assertj\assertj-core\2.6.0\assertj-core-2.6.0.jar;C:\Users\Marcos Di骻enes\.m2\repository\org\mockito\mockito-core\1.10.19\mockito-core-1.10.19.jar;C:\Users\Marcos Di骻enes\.m2\repository\org\objenesis\objenesis\2.1\objenesis-2.1.jar;C:\Users\Marcos Di骻enes\.m2\repository\org\hamcrest\hamcrest-core\1.3\hamcrest-core-1.3.jar;C:\Users\Marcos Di骻enes\.m2\repository\org\hamcrest\hamcrest-library\1.3\hamcrest-library-1.3.jar;C:\Users\Marcos Di骻enes\.m2\repository\org\skyscreamer\jsonassert\1.4.0\jsonassert-1.4.0.jar;C:\Users\Marcos Di骻enes\.m2\repository\com\vaadin\external\google\android-json\0.0.20131108.vaadin1\android-json-0.0.20131108.vaadin1.jar;C:\Users\Marcos Di骻enes\.m2\repository\org\springframework\spring-core\4.3.13.RELEASE\spring-core-4.3.13.RELEASE.jar;C:\Users\Marcos Di骻enes\.m2\repository\org\springframework\spring-test\4.3.13.RELEASE\spring-test-4.3.13.RELEASE.jar;C:\Users\Marcos Di骻enes\.m2\repository\org\apache\camel\camel-spring-boot-starter\2.20.1\camel-spring-boot-starter-2.20.1.jar;C:\Users\Marcos Di骻enes\.m2\repository\org\apache\camel\camel-spring-boot\2.20.1\camel-spring-boot-2.20.1.jar;C:\Users\Marcos Di骻enes\.m2\repository\org\apache\camel\camel-spring\2.20.1\camel-spring-2.20.1.jar;C:\Users\Marcos Di骻enes\.m2\repository\org\springframework\spring-tx\4.3.13.RELEASE\spring-tx-4.3.13.RELEASE.jar;C:\Users\Marcos Di骻enes\.m2\repository\org\apache\camel\camel-core-starter\2.20.1\camel-core-starter-2.20.1.jar;C:\Users\Marcos Di骻enes\.m2\repository\org\apache\camel\camel-servlet-starter\2.20.1\camel-servlet-starter-2.20.1.jar;C:\Users\Marcos Di骻enes\.m2\repository\org\apache\camel\camel-servlet\2.20.1\camel-servlet-2.20.1.jar;C:\Users\Marcos Di骻enes\.m2\repository\org\apache\camel\camel-http-common\2.20.1\camel-http-common-2.20.1.jar;C:\Users\Marcos Di骻enes\.m2\repository\org\apache\camel\camel-core\2.20.1\camel-core-2.20.1.jar;C:\Users\Marcos Di骻enes\.m2\repository\org\slf4j\slf4j-api\1.7.25\slf4j-api-1.7.25.jar;C:\Users\Marcos Di骻enes\.m2\repository\com\sun\xml\bind\jaxb-core\2.2.11\jaxb-core-2.2.11.jar;C:\Users\Marcos Di骻enes\.m2\repository\com\sun\xml\bind\jaxb-impl\2.2.11\jaxb-impl-2.2.11.jar;C:\Users\Marcos Di骻enes\.m2\repository\org\apache\camel\camel-gson\2.20.1\camel-gson-2.20.1.jar;C:\Users\Marcos Di骻enes\.m2\repository\com\google\code\gson\gson\2.8.2\gson-2.8.2.jar;C:\Users\Marcos Di骻enes\.m2\repository\org\apache\camel\camel-swagger-java\2.18.0\camel-swagger-java-2.18.0.jar;C:\Users\Marcos Di骻enes\.m2\repository\com\fasterxml\jackson\core\jackson-annotations\2.8.0\jackson-annotations-2.8.0.jar;C:\Users\Marcos Di骻enes\.m2\repository\com\fasterxml\jackson\datatype\jackson-datatype-joda\2.8.10\jackson-datatype-joda-2.8.10.jar;C:\Users\Marcos Di骻enes\.m2\repository\joda-time\joda-time\2.9.9\joda-time-2.9.9.jar;C:\Users\Marcos Di骻enes\.m2\repository\com\fasterxml\jackson\dataformat\jackson-dataformat-xml\2.8.10\jackson-dataformat-xml-2.8.10.jar;C:\Users\Marcos Di骻enes\.m2\repository\com\fasterxml\jackson\module\jackson-module-jaxb-annotations\2.8.10\jackson-module-jaxb-annotations-2.8.10.jar;C:\Users\Marcos Di骻enes\.m2\repository\org\codehaus\woodstox\stax2-api\3.1.4\stax2-api-3.1.4.jar;C:\Users\Marcos Di骻enes\.m2\repository\com\fasterxml\woodstox\woodstox-core\5.0.3\woodstox-core-5.0.3.jar;C:\Users\Marcos Di骻enes\.m2\repository\com\fasterxml\jackson\jaxrs\jackson-jaxrs-json-provider\2.8.10\jackson-jaxrs-json-provider-2.8.10.jar;C:\Users\Marcos Di骻enes\.m2\repository\com\fasterxml\jackson\jaxrs\jackson-jaxrs-base\2.8.10\jackson-jaxrs-base-2.8.10.jar;C:\Users\Marcos Di骻enes\.m2\repository\com\google\guava\guava\19.0\guava-19.0.jar;C:\Users\Marcos Di骻enes\.m2\repository\org\apache\commons\commons-lang3\3.4\commons-lang3-3.4.jar;C:\Users\Marcos Di骻enes\.m2\repository\io\swagger\swagger-core\1.5.10\swagger-core-1.5.10.jar;C:\Users\Marcos Di骻enes\.m2\repository\io\swagger\swagger-models\1.5.10\swagger-models-1.5.10.jar;C:\Users\Marcos Di骻enes\.m2\repository\io\swagger\swagger-annotations\1.5.10\swagger-annotations-1.5.10.jar;C:\Users\Marcos Di骻enes\.m2\repository\io\swagger\swagger-jaxrs\1.5.10\swagger-jaxrs-1.5.10.jar;C:\Users\Marcos Di骻enes\.m2\repository\javax\ws\rs\jsr311-api\1.1.1\jsr311-api-1.1.1.jar;C:\Users\Marcos Di骻enes\.m2\repository\org\reflections\reflections\0.9.10\reflections-0.9.10.jar;C:\Users\Marcos Di骻enes\.m2\repository\org\javassist\javassist\3.21.0-GA\javassist-3.21.0-GA.jar;C:\Users\Marcos Di骻enes\.m2\repository\com\google\code\findbugs\annotations\2.0.1\annotations-2.0.1.jar;C:\Users\Marcos Di骻enes\.m2\repository\io\swagger\swagger-parser\1.0.22\swagger-parser-1.0.22.jar;C:\Users\Marcos Di骻enes\.m2\repository\org\slf4j\slf4j-ext\1.7.25\slf4j-ext-1.7.25.jar;C:\Users\Marcos Di骻enes\.m2\repository\commons-io\commons-io\2.4\commons-io-2.4.jar;C:\Users\Marcos Di骻enes\.m2\repository\org\webjars\swagger-ui\2.2.10\swagger-ui-2.2.10.jar;C:\Users\Marcos Di骻enes\.m2\repository\org\webjars\webjars-locator\0.32-1\webjars-locator-0.32-1.jar;C:\Users\Marcos Di骻enes\.m2\repository\org\webjars\webjars-locator-core\0.32\webjars-locator-core-0.32.jar;C:\Users\Marcos Di骻enes\.m2\repository\org\apache\commons\commons-compress\1.9\commons-compress-1.9.jar;C:\Users\Marcos Di骻enes\.m2\repository\org\projectlombok\lombok\1.16.16\lombok-1.16.16.jar;C:\Users\Marcos Di骻enes\.m2\repository\org\apache\logging\log4j\log4j-api\2.6.1\log4j-api-2.6.1.jar;C:\Users\Marcos Di骻enes\.m2\repository\org\apache\logging\log4j\log4j-core\2.6.1\log4j-core-2.6.1.jar;C:\Users\Marcos Di骻enes\.m2\repository\com\fasterxml\jackson\dataformat\jackson-dataformat-yaml\2.9.5\jackson-dataformat-yaml-2.9.5.jar;C:\Users\Marcos Di骻enes\.m2\repository\org\yaml\snakeyaml\1.17\snakeyaml-1.17.jar;C:\Users\Marcos Di骻enes\.m2\repository\com\fasterxml\jackson\core\jackson-core\2.8.10\jackson-core-2.8.10.jar;C:\Users\Marcos Di骻enes\.m2\repository\org\apache\camel\camel-cxf-starter\2.20.1\camel-cxf-starter-2.20.1.jar;C:\Users\Marcos Di骻enes\.m2\repository\org\apache\camel\camel-cxf\2.20.1\camel-cxf-2.20.1.jar;C:\Users\Marcos Di骻enes\.m2\repository\org\apache\camel\camel-cxf-transport\2.20.1\camel-cxf-transport-2.20.1.jar;C:\Users\Marcos Di骻enes\.m2\repository\javax\servlet\javax.servlet-api\3.1.0\javax.servlet-api-3.1.0.jar;C:\Users\Marcos Di骻enes\.m2\repository\org\apache\cxf\cxf-rt-frontend-jaxrs\3.2.1\cxf-rt-frontend-jaxrs-3.2.1.jar;C:\Users\Marcos Di骻enes\.m2\repository\org\apache\cxf\cxf-core\3.2.1\cxf-core-3.2.1.jar;C:\Users\Marcos Di骻enes\.m2\repository\org\apache\ws\xmlschema\xmlschema-core\2.2.2\xmlschema-core-2.2.2.jar;C:\Users\Marcos Di骻enes\.m2\repository\javax\ws\rs\javax.ws.rs-api\2.1\javax.ws.rs-api-2.1.jar;C:\Users\Marcos Di骻enes\.m2\repository\javax\annotation\javax.annotation-api\1.3\javax.annotation-api-1.3.jar;C:\Users\Marcos Di骻enes\.m2\repository\org\apache\cxf\cxf-rt-transports-http\3.2.1\cxf-rt-transports-http-3.2.1.jar;C:\Users\Marcos Di骻enes\.m2\repository\org\apache\cxf\cxf-rt-frontend-jaxws\3.2.1\cxf-rt-frontend-jaxws-3.2.1.jar;C:\Users\Marcos Di骻enes\.m2\repository\xml-resolver\xml-resolver\1.2\xml-resolver-1.2.jar;C:\Users\Marcos Di骻enes\.m2\repository\org\ow2\asm\asm\5.2\asm-5.2.jar;C:\Users\Marcos Di骻enes\.m2\repository\org\apache\cxf\cxf-rt-bindings-xml\3.2.1\cxf-rt-bindings-xml-3.2.1.jar;C:\Users\Marcos Di骻enes\.m2\repository\org\apache\cxf\cxf-rt-frontend-simple\3.2.1\cxf-rt-frontend-simple-3.2.1.jar;C:\Users\Marcos Di骻enes\.m2\repository\org\apache\cxf\cxf-rt-ws-addr\3.2.1\cxf-rt-ws-addr-3.2.1.jar;C:\Users\Marcos Di骻enes\.m2\repository\org\apache\cxf\cxf-rt-ws-policy\3.2.1\cxf-rt-ws-policy-3.2.1.jar;C:\Users\Marcos Di骻enes\.m2\repository\org\apache\neethi\neethi\3.1.0\neethi-3.1.0.jar;C:\Users\Marcos Di骻enes\.m2\repository\org\apache\cxf\cxf-rt-rs-client\3.2.1\cxf-rt-rs-client-3.2.1.jar;C:\Users\Marcos Di骻enes\.m2\repository\org\apache\cxf\cxf-rt-bindings-soap\3.2.1\cxf-rt-bindings-soap-3.2.1.jar;C:\Users\Marcos Di骻enes\.m2\repository\org\apache\cxf\cxf-rt-wsdl\3.2.1\cxf-rt-wsdl-3.2.1.jar;C:\Users\Marcos Di骻enes\.m2\repository\wsdl4j\wsdl4j\1.6.3\wsdl4j-1.6.3.jar;C:\Users\Marcos Di骻enes\.m2\repository\org\apache\cxf\cxf-rt-databinding-jaxb\3.2.1\cxf-rt-databinding-jaxb-3.2.1.jar;C:\Users\Marcos Di骻enes\.m2\repository\org\apache\camel\camel-soap\2.20.1\camel-soap-2.20.1.jar;C:\Users\Marcos Di骻enes\.m2\repository\org\apache\camel\camel-jaxb\2.20.1\camel-jaxb-2.20.1.jar;, java.specification.name=Java Platform API Specification, java.class.version=52.0, sun.management.compiler=HotSpot 64-Bit Tiered Compilers, os.version=10.0, user.home=C:\Users\Marcos Di骻enes, user.timezone=America/Sao_Paulo, java.awt.printerjob=sun.awt.windows.WPrinterJob, file.encoding=Cp1252, java.specification.version=1.8, java.class.path=C:\projetos\tcc-pos-puc\camel\rest2soap\target\test-classes;C:\projetos\tcc-pos-puc\camel\rest2soap\target\classes;C:\Users\Marcos Di骻enes\.m2\repository\org\springframework\boot\spring-boot-starter-web\1.5.9.RELEASE\spring-boot-starter-web-1.5.9.RELEASE.jar;C:\Users\Marcos Di骻enes\.m2\repository\org\springframework\boot\spring-boot-starter\1.5.9.RELEASE\spring-boot-starter-1.5.9.RELEASE.jar;C:\Users\Marcos Di骻enes\.m2\repository\org\springframework\boot\spring-boot\1.5.9.RELEASE\spring-boot-1.5.9.RELEASE.jar;C:\Users\Marcos Di骻enes\.m2\repository\org\springframework\boot\spring-boot-autoconfigure\1.5.9.RELEASE\spring-boot-autoconfigure-1.5.9.RELEASE.jar;C:\Users\Marcos Di骻enes\.m2\repository\org\springframework\boot\spring-boot-starter-logging\1.5.9.RELEASE\spring-boot-starter-logging-1.5.9.RELEASE.jar;C:\Users\Marcos Di骻enes\.m2\repository\ch\qos\logback\logback-classic\1.1.11\logback-classic-1.1.11.jar;C:\Users\Marcos Di骻enes\.m2\repository\ch\qos\logback\logback-core\1.1.11\logback-core-1.1.11.jar;C:\Users\Marcos Di骻enes\.m2\repository\org\slf4j\jcl-over-slf4j\1.7.25\jcl-over-slf4j-1.7.25.jar;C:\Users\Marcos Di骻enes\.m2\repository\org\slf4j\jul-to-slf4j\1.7.25\jul-to-slf4j-1.7.25.jar;C:\Users\Marcos Di骻enes\.m2\repository\org\slf4j\log4j-over-slf4j\1.7.25\log4j-over-slf4j-1.7.25.jar;C:\Users\Marcos Di骻enes\.m2\repository\org\springframework\boot\spring-boot-starter-tomcat\1.5.9.RELEASE\spring-boot-starter-tomcat-1.5.9.RELEASE.jar;C:\Users\Marcos Di骻enes\.m2\repository\org\apache\tomcat\embed\tomcat-embed-core\8.5.23\tomcat-embed-core-8.5.23.jar;C:\Users\Marcos Di骻enes\.m2\repository\org\apache\tomcat\tomcat-annotations-api\8.5.23\tomcat-annotations-api-8.5.23.jar;C:\Users\Marcos Di骻enes\.m2\repository\org\apache\tomcat\embed\tomcat-embed-el\8.5.23\tomcat-embed-el-8.5.23.jar;C:\Users\Marcos Di骻enes\.m2\repository\org\apache\tomcat\embed\tomcat-embed-websocket\8.5.23\tomcat-embed-websocket-8.5.23.jar;C:\Users\Marcos Di骻enes\.m2\repository\org\hibernate\hibernate-validator\5.3.6.Final\hibernate-validator-5.3.6.Final.jar;C:\Users\Marcos Di骻enes\.m2\repository\javax\validation\validation-api\1.1.0.Final\validation-api-1.1.0.Final.jar;C:\Users\Marcos Di骻enes\.m2\repository\org\jboss\logging\jboss-logging\3.3.1.Final\jboss-logging-3.3.1.Final.jar;C:\Users\Marcos Di骻enes\.m2\repository\com\fasterxml\classmate\1.3.4\classmate-1.3.4.jar;C:\Users\Marcos Di骻enes\.m2\repository\com\fasterxml\jackson\core\jackson-databind\2.8.10\jackson-databind-2.8.10.jar;C:\Users\Marcos Di骻enes\.m2\repository\org\springframework\spring-web\4.3.13.RELEASE\spring-web-4.3.13.RELEASE.jar;C:\Users\Marcos Di骻enes\.m2\repository\org\springframework\spring-aop\4.3.13.RELEASE\spring-aop-4.3.13.RELEASE.jar;C:\Users\Marcos Di骻enes\.m2\repository\org\springframework\spring-beans\4.3.13.RELEASE\spring-beans-4.3.13.RELEASE.jar;C:\Users\Marcos Di骻enes\.m2\repository\org\springframework\spring-context\4.3.13.RELEASE\spring-context-4.3.13.RELEASE.jar;C:\Users\Marcos Di骻enes\.m2\repository\org\springframework\spring-webmvc\4.3.13.RELEASE\spring-webmvc-4.3.13.RELEASE.jar;C:\Users\Marcos Di骻enes\.m2\repository\org\springframework\spring-expression\4.3.13.RELEASE\spring-expression-4.3.13.RELEASE.jar;C:\Users\Marcos Di骻enes\.m2\repository\org\springframework\boot\spring-boot-starter-test\1.5.9.RELEASE\spring-boot-starter-test-1.5.9.RELEASE.jar;C:\Users\Marcos Di骻enes\.m2\repository\org\springframework\boot\spring-boot-test\1.5.9.RELEASE\spring-boot-test-1.5.9.RELEASE.jar;C:\Users\Marcos Di骻enes\.m2\repository\org\springframework\boot\spring-boot-test-autoconfigure\1.5.9.RELEASE\spring-boot-test-autoconfigure-1.5.9.RELEASE.jar;C:\Users\Marcos Di骻enes\.m2\repository\com\jayway\jsonpath\json-path\2.2.0\json-path-2.2.0.jar;C:\Users\Marcos Di骻enes\.m2\repository\net\minidev\json-smart\2.2.1\json-smart-2.2.1.jar;C:\Users\Marcos Di骻enes\.m2\repository\net\minidev\accessors-smart\1.1\accessors-smart-1.1.jar;C:\Users\Marcos Di骻enes\.m2\repository\junit\junit\4.12\junit-4.12.jar;C:\Users\Marcos Di骻enes\.m2\repository\org\assertj\assertj-core\2.6.0\assertj-core-2.6.0.jar;C:\Users\Marcos Di骻enes\.m2\repository\org\mockito\mockito-core\1.10.19\mockito-core-1.10.19.jar;C:\Users\Marcos Di骻enes\.m2\repository\org\objenesis\objenesis\2.1\objenesis-2.1.jar;C:\Users\Marcos Di骻enes\.m2\repository\org\hamcrest\hamcrest-core\1.3\hamcrest-core-1.3.jar;C:\Users\Marcos Di骻enes\.m2\repository\org\hamcrest\hamcrest-library\1.3\hamcrest-library-1.3.jar;C:\Users\Marcos Di骻enes\.m2\repository\org\skyscreamer\jsonassert\1.4.0\jsonassert-1.4.0.jar;C:\Users\Marcos Di骻enes\.m2\repository\com\vaadin\external\google\android-json\0.0.20131108.vaadin1\android-json-0.0.20131108.vaadin1.jar;C:\Users\Marcos Di骻enes\.m2\repository\org\springframework\spring-core\4.3.13.RELEASE\spring-core-4.3.13.RELEASE.jar;C:\Users\Marcos Di骻enes\.m2\repository\org\springframework\spring-test\4.3.13.RELEASE\spring-test-4.3.13.RELEASE.jar;C:\Users\Marcos Di骻enes\.m2\repository\org\apache\camel\camel-spring-boot-starter\2.20.1\camel-spring-boot-starter-2.20.1.jar;C:\Users\Marcos Di骻enes\.m2\repository\org\apache\camel\camel-spring-boot\2.20.1\camel-spring-boot-2.20.1.jar;C:\Users\Marcos Di骻enes\.m2\repository\org\apache\camel\camel-spring\2.20.1\camel-spring-2.20.1.jar;C:\Users\Marcos Di骻enes\.m2\repository\org\springframework\spring-tx\4.3.13.RELEASE\spring-tx-4.3.13.RELEASE.jar;C:\Users\Marcos Di骻enes\.m2\repository\org\apache\camel\camel-core-starter\2.20.1\camel-core-starter-2.20.1.jar;C:\Users\Marcos Di骻enes\.m2\repository\org\apache\camel\camel-servlet-starter\2.20.1\camel-servlet-starter-2.20.1.jar;C:\Users\Marcos Di骻enes\.m2\repository\org\apache\camel\camel-servlet\2.20.1\camel-servlet-2.20.1.jar;C:\Users\Marcos Di骻enes\.m2\repository\org\apache\camel\camel-http-common\2.20.1\camel-http-common-2.20.1.jar;C:\Users\Marcos Di骻enes\.m2\repository\org\apache\camel\camel-core\2.20.1\camel-core-2.20.1.jar;C:\Users\Marcos Di骻enes\.m2\repository\org\slf4j\slf4j-api\1.7.25\slf4j-api-1.7.25.jar;C:\Users\Marcos Di骻enes\.m2\repository\com\sun\xml\bind\jaxb-core\2.2.11\jaxb-core-2.2.11.jar;C:\Users\Marcos Di骻enes\.m2\repository\com\sun\xml\bind\jaxb-impl\2.2.11\jaxb-impl-2.2.11.jar;C:\Users\Marcos Di骻enes\.m2\repository\org\apache\camel\camel-gson\2.20.1\camel-gson-2.20.1.jar;C:\Users\Marcos Di骻enes\.m2\repository\com\google\code\gson\gson\2.8.2\gson-2.8.2.jar;C:\Users\Marcos Di骻enes\.m2\repository\org\apache\camel\camel-swagger-java\2.18.0\camel-swagger-java-2.18.0.jar;C:\Users\Marcos Di骻enes\.m2\repository\com\fasterxml\jackson\core\jackson-annotations\2.8.0\jackson-annotations-2.8.0.jar;C:\Users\Marcos Di骻enes\.m2\repository\com\fasterxml\jackson\datatype\jackson-datatype-joda\2.8.10\jackson-datatype-joda-2.8.10.jar;C:\Users\Marcos Di骻enes\.m2\repository\joda-time\joda-time\2.9.9\joda-time-2.9.9.jar;C:\Users\Marcos Di骻enes\.m2\repository\com\fasterxml\jackson\dataformat\jackson-dataformat-xml\2.8.10\jackson-dataformat-xml-2.8.10.jar;C:\Users\Marcos Di骻enes\.m2\repository\com\fasterxml\jackson\module\jackson-module-jaxb-annotations\2.8.10\jackson-module-jaxb-annotations-2.8.10.jar;C:\Users\Marcos Di骻enes\.m2\repository\org\codehaus\woodstox\stax2-api\3.1.4\stax2-api-3.1.4.jar;C:\Users\Marcos Di骻enes\.m2\repository\com\fasterxml\woodstox\woodstox-core\5.0.3\woodstox-core-5.0.3.jar;C:\Users\Marcos Di骻enes\.m2\repository\com\fasterxml\jackson\jaxrs\jackson-jaxrs-json-provider\2.8.10\jackson-jaxrs-json-provider-2.8.10.jar;C:\Users\Marcos Di骻enes\.m2\repository\com\fasterxml\jackson\jaxrs\jackson-jaxrs-base\2.8.10\jackson-jaxrs-base-2.8.10.jar;C:\Users\Marcos Di骻enes\.m2\repository\com\google\guava\guava\19.0\guava-19.0.jar;C:\Users\Marcos Di骻enes\.m2\repository\org\apache\commons\commons-lang3\3.4\commons-lang3-3.4.jar;C:\Users\Marcos Di骻enes\.m2\repository\io\swagger\swagger-core\1.5.10\swagger-core-1.5.10.jar;C:\Users\Marcos Di骻enes\.m2\repository\io\swagger\swagger-models\1.5.10\swagger-models-1.5.10.jar;C:\Users\Marcos Di骻enes\.m2\repository\io\swagger\swagger-annotations\1.5.10\swagger-annotations-1.5.10.jar;C:\Users\Marcos Di骻enes\.m2\repository\io\swagger\swagger-jaxrs\1.5.10\swagger-jaxrs-1.5.10.jar;C:\Users\Marcos Di骻enes\.m2\repository\javax\ws\rs\jsr311-api\1.1.1\jsr311-api-1.1.1.jar;C:\Users\Marcos Di骻enes\.m2\repository\org\reflections\reflections\0.9.10\reflections-0.9.10.jar;C:\Users\Marcos Di骻enes\.m2\repository\org\javassist\javassist\3.21.0-GA\javassist-3.21.0-GA.jar;C:\Users\Marcos Di骻enes\.m2\repository\com\google\code\findbugs\annotations\2.0.1\annotations-2.0.1.jar;C:\Users\Marcos Di骻enes\.m2\repository\io\swagger\swagger-parser\1.0.22\swagger-parser-1.0.22.jar;C:\Users\Marcos Di骻enes\.m2\repository\org\slf4j\slf4j-ext\1.7.25\slf4j-ext-1.7.25.jar;C:\Users\Marcos Di骻enes\.m2\repository\commons-io\commons-io\2.4\commons-io-2.4.jar;C:\Users\Marcos Di骻enes\.m2\repository\org\webjars\swagger-ui\2.2.10\swagger-ui-2.2.10.jar;C:\Users\Marcos Di骻enes\.m2\repository\org\webjars\webjars-locator\0.32-1\webjars-locator-0.32-1.jar;C:\Users\Marcos Di骻enes\.m2\repository\org\webjars\webjars-locator-core\0.32\webjars-locator-core-0.32.jar;C:\Users\Marcos Di骻enes\.m2\repository\org\apache\commons\commons-compress\1.9\commons-compress-1.9.jar;C:\Users\Marcos Di骻enes\.m2\repository\org\projectlombok\lombok\1.16.16\lombok-1.16.16.jar;C:\Users\Marcos Di骻enes\.m2\repository\org\apache\logging\log4j\log4j-api\2.6.1\log4j-api-2.6.1.jar;C:\Users\Marcos Di骻enes\.m2\repository\org\apache\logging\log4j\log4j-core\2.6.1\log4j-core-2.6.1.jar;C:\Users\Marcos Di骻enes\.m2\repository\com\fasterxml\jackson\dataformat\jackson-dataformat-yaml\2.9.5\jackson-dataformat-yaml-2.9.5.jar;C:\Users\Marcos Di骻enes\.m2\repository\org\yaml\snakeyaml\1.17\snakeyaml-1.17.jar;C:\Users\Marcos Di骻enes\.m2\repository\com\fasterxml\jackson\core\jackson-core\2.8.10\jackson-core-2.8.10.jar;C:\Users\Marcos Di骻enes\.m2\repository\org\apache\camel\camel-cxf-starter\2.20.1\camel-cxf-starter-2.20.1.jar;C:\Users\Marcos Di骻enes\.m2\repository\org\apache\camel\camel-cxf\2.20.1\camel-cxf-2.20.1.jar;C:\Users\Marcos Di骻enes\.m2\repository\org\apache\camel\camel-cxf-transport\2.20.1\camel-cxf-transport-2.20.1.jar;C:\Users\Marcos Di骻enes\.m2\repository\javax\servlet\javax.servlet-api\3.1.0\javax.servlet-api-3.1.0.jar;C:\Users\Marcos Di骻enes\.m2\repository\org\apache\cxf\cxf-rt-frontend-jaxrs\3.2.1\cxf-rt-frontend-jaxrs-3.2.1.jar;C:\Users\Marcos Di骻enes\.m2\repository\org\apache\cxf\cxf-core\3.2.1\cxf-core-3.2.1.jar;C:\Users\Marcos Di骻enes\.m2\repository\org\apache\ws\xmlschema\xmlschema-core\2.2.2\xmlschema-core-2.2.2.jar;C:\Users\Marcos Di骻enes\.m2\repository\javax\ws\rs\javax.ws.rs-api\2.1\javax.ws.rs-api-2.1.jar;C:\Users\Marcos Di骻enes\.m2\repository\javax\annotation\javax.annotation-api\1.3\javax.annotation-api-1.3.jar;C:\Users\Marcos Di骻enes\.m2\repository\org\apache\cxf\cxf-rt-transports-http\3.2.1\cxf-rt-transports-http-3.2.1.jar;C:\Users\Marcos Di骻enes\.m2\repository\org\apache\cxf\cxf-rt-frontend-jaxws\3.2.1\cxf-rt-frontend-jaxws-3.2.1.jar;C:\Users\Marcos Di骻enes\.m2\repository\xml-resolver\xml-resolver\1.2\xml-resolver-1.2.jar;C:\Users\Marcos Di骻enes\.m2\repository\org\ow2\asm\asm\5.2\asm-5.2.jar;C:\Users\Marcos Di骻enes\.m2\repository\org\apache\cxf\cxf-rt-bindings-xml\3.2.1\cxf-rt-bindings-xml-3.2.1.jar;C:\Users\Marcos Di骻enes\.m2\repository\org\apache\cxf\cxf-rt-frontend-simple\3.2.1\cxf-rt-frontend-simple-3.2.1.jar;C:\Users\Marcos Di骻enes\.m2\repository\org\apache\cxf\cxf-rt-ws-addr\3.2.1\cxf-rt-ws-addr-3.2.1.jar;C:\Users\Marcos Di骻enes\.m2\repository\org\apache\cxf\cxf-rt-ws-policy\3.2.1\cxf-rt-ws-policy-3.2.1.jar;C:\Users\Marcos Di骻enes\.m2\repository\org\apache\neethi\neethi\3.1.0\neethi-3.1.0.jar;C:\Users\Marcos Di骻enes\.m2\repository\org\apache\cxf\cxf-rt-rs-client\3.2.1\cxf-rt-rs-client-3.2.1.jar;C:\Users\Marcos Di骻enes\.m2\repository\org\apache\cxf\cxf-rt-bindings-soap\3.2.1\cxf-rt-bindings-soap-3.2.1.jar;C:\Users\Marcos Di骻enes\.m2\repository\org\apache\cxf\cxf-rt-wsdl\3.2.1\cxf-rt-wsdl-3.2.1.jar;C:\Users\Marcos Di骻enes\.m2\repository\wsdl4j\wsdl4j\1.6.3\wsdl4j-1.6.3.jar;C:\Users\Marcos Di骻enes\.m2\repository\org\apache\cxf\cxf-rt-databinding-jaxb\3.2.1\cxf-rt-databinding-jaxb-3.2.1.jar;C:\Users\Marcos Di骻enes\.m2\repository\org\apache\camel\camel-soap\2.20.1\camel-soap-2.20.1.jar;C:\Users\Marcos Di骻enes\.m2\repository\org\apache\camel\camel-jaxb\2.20.1\camel-jaxb-2.20.1.jar;, user.name=Marcos Di骻enes, java.vm.specification.version=1.8, sun.java.command=C:\projetos\tcc-pos-puc\camel\rest2soap\target\surefire\surefirebooter4102942928154739304.jar C:\projetos\tcc-pos-puc\camel\rest2soap\target\surefire\surefire4488046386842609016tmp C:\projetos\tcc-pos-puc\camel\rest2soap\target\surefire\surefire_0379930582087000078tmp, java.home=C:\Program Files\Java\jdk1.8.0_241\jre, sun.arch.data.model=64, user.language=pt, java.specification.vendor=Oracle Corporation, awt.toolkit=sun.awt.windows.WToolkit, java.vm.info=mixed mode, java.version=1.8.0_241, java.ext.dirs=C:\Program Files\Java\jdk1.8.0_241\jre\lib\ext;C:\Windows\Sun\Java\lib\ext, sun.boot.class.path=C:\Program Files\Java\jdk1.8.0_241\jre\lib\resources.jar;C:\Program Files\Java\jdk1.8.0_241\jre\lib\rt.jar;C:\Program Files\Java\jdk1.8.0_241\jre\lib\sunrsasign.jar;C:\Program Files\Java\jdk1.8.0_241\jre\lib\jsse.jar;C:\Program Files\Java\jdk1.8.0_241\jre\lib\jce.jar;C:\Program Files\Java\jdk1.8.0_241\jre\lib\charsets.jar;C:\Program Files\Java\jdk1.8.0_241\jre\lib\jfr.jar;C:\Program Files\Java\jdk1.8.0_241\jre\classes, java.vendor=Oracle Corporation, localRepository=C:\Users\Marcos Di骻enes\.m2\repository, file.separator=\, java.vendor.url.bug=http://bugreport.sun.com/bugreport/, sun.io.unicode.encoding=UnicodeLittle, sun.cpu.endian=little, sun.desktop=windows, sun.cpu.isalist=amd64}}, SystemEnvironmentPropertySource@263025902 {name='systemEnvironment', properties={PATH=C:\Program Files (x86)\Common Files\Oracle\Java\javapath;C:\Windows\system32;C:\Windows;C:\Windows\System32\Wbem;C:\Windows\System32\WindowsPowerShell\v1.0\;C:\Windows\System32\OpenSSH\;%JAVA-HOME%\bin;C:\Program Files\Git\cmd;C:\apache-maven-3.6.3\bin;;C:\Program Files\nodejs\;C:\Program Files\Docker\Docker\resources\bin;C:\ProgramData\DockerDesktop\version-bin;C:\Users\Marcos Di骻enes\AppData\Local\Microsoft\WindowsApps;;C:\Users\Marcos Di骻enes\AppData\Local\Programs\Microsoft VS Code\bin;C:\Users\Marcos Di骻enes\AppData\Roaming\npm, USERDOMAIN_ROAMINGPROFILE=DESKTOP-FDDN5CD, LOCALAPPDATA=C:\Users\Marcos Di骻enes\AppData\Local, PROCESSOR_LEVEL=6, SYSTEMDRIVE=C:, COMMONPROGRAMFILES(X86)=C:\Program Files (x86)\Common Files, USERDOMAIN=DESKTOP-FDDN5CD, FPS_BROWSER_APP_PROFILE_STRING=Internet Explorer, LOGONSERVER=\\DESKTOP-FDDN5CD, JAVA_HOME=C:\Program Files\Java\jdk1.8.0_241, PROMPT=$P$G, SESSIONNAME=Console, ALLUSERSPROFILE=C:\ProgramData, PROGRAMFILES(X86)=C:\Program Files (x86), PROCESSOR_ARCHITECTURE=AMD64, DRIVERDATA=C:\Windows\System32\Drivers\DriverData, PROGRAMFILES=C:\Program Files, =C:=C:\projetos\tcc-pos-puc\camel\rest2soap, APPDATA=C:\Users\Marcos Di骻enes\AppData\Roaming, PSMODULEPATH=C:\Program Files\WindowsPowerShell\Modules;C:\Windows\system32\WindowsPowerShell\v1.0\Modules, PROGRAMW6432=C:\Program Files, PROGRAMDATA=C:\ProgramData, SYSTEMROOT=C:\Windows, USERNAME=Marcos Di骻enes, FPS_BROWSER_USER_PROFILE_STRING=Default, ONEDRIVE=C:\Users\Marcos Di骻enes\OneDrive, PATHEXT=.COM;.EXE;.BAT;.CMD;.VBS;.VBE;.JS;.JSE;.WSF;.WSH;.MSC, OS=Windows_NT, COMMONPROGRAMW6432=C:\Program Files\Common Files, COMPUTERNAME=DESKTOP-FDDN5CD, COMMONPROGRAMFILES=C:\Program Files\Common Files, COMSPEC=C:\Windows\system32\cmd.exe, PROCESSOR_REVISION=8e0a, WINDIR=C:\Windows, HOMEPATH=\Users\Marcos Di骻enes, TEMP=C:\Users\MARCOS~1\AppData\Local\Temp, HOMEDRIVE=C:, PROCESSOR_IDENTIFIER=Intel64 Family 6 Model 142 Stepping 10, GenuineIntel, USERPROFILE=C:\Users\Marcos Di骻enes, TMP=C:\Users\MARCOS~1\AppData\Local\Temp, PUBLIC=C:\Users\Public, NUMBER_OF_PROCESSORS=8, =::=::\, IDEA_INITIAL_DIRECTORY=C:\Program Files\JetBrains\IntelliJ IDEA Community Edition 2020.3.2\bin}}]
02:00:56.201 [main] DEBUG org.springframework.core.io.support.PathMatchingResourcePatternResolver - Resolved classpath location [br/com/sigo/] to resources [URL [file:/C:/projetos/tcc-pos-puc/camel/rest2soap/target/test-classes/br/com/sigo/], URL [file:/C:/projetos/tcc-pos-puc/camel/rest2soap/target/classes/br/com/sigo/]]
02:00:56.201 [main] DEBUG org.springframework.core.io.support.PathMatchingResourcePatternResolver - Looking for matching resources in directory tree [C:\projetos\tcc-pos-puc\camel\rest2soap\target\test-classes\br\com\sigo]
02:00:56.201 [main] DEBUG org.springframework.core.io.support.PathMatchingResourcePatternResolver - Searching directory [C:\projetos\tcc-pos-puc\camel\rest2soap\target\test-classes\br\com\sigo] for files matching pattern [C:/projetos/tcc-pos-puc/camel/rest2soap/target/test-classes/br/com/sigo/*.class]
02:00:56.218 [main] DEBUG org.springframework.core.io.support.PathMatchingResourcePatternResolver - Looking for matching resources in directory tree [C:\projetos\tcc-pos-puc\camel\rest2soap\target\classes\br\com\sigo]
02:00:56.218 [main] DEBUG org.springframework.core.io.support.PathMatchingResourcePatternResolver - Searching directory [C:\projetos\tcc-pos-puc\camel\rest2soap\target\classes\br\com\sigo] for files matching pattern [C:/projetos/tcc-pos-puc/camel/rest2soap/target/classes/br/com/sigo/*.class]
02:00:56.218 [main] DEBUG org.springframework.core.io.support.PathMatchingResourcePatternResolver - Resolved location pattern [classpath*:br/com/sigo/*.class] to resources [file [C:\projetos\tcc-pos-puc\camel\rest2soap\target\test-classes\br\com\sigo\DemoApplicationTests.class], file [C:\projetos\tcc-pos-puc\camel\rest2soap\target\classes\br\com\sigo\CamelApplication.class]]
02:00:56.251 [main] DEBUG org.springframework.context.annotation.ClassPathScanningCandidateComponentProvider - Identified candidate component class: file [C:\projetos\tcc-pos-puc\camel\rest2soap\target\classes\br\com\sigo\CamelApplication.class]
02:00:56.251 [main] INFO org.springframework.boot.test.context.SpringBootTestContextBootstrapper - Found @SpringBootConfiguration br.com.sigo.CamelApplication for test class br.com.sigo.DemoApplicationTests
02:00:56.268 [main] DEBUG org.springframework.boot.test.context.SpringBootTestContextBootstrapper - @TestExecutionListeners is not present for class [br.com.sigo.DemoApplicationTests]: using defaults.
02:00:56.268 [main] INFO org.springframework.boot.test.context.SpringBootTestContextBootstrapper - Loaded default TestExecutionListener class names from location [META-INF/spring.factories]: [org.springframework.boot.test.mock.mockito.MockitoTestExecutionListener, org.springframework.boot.test.mock.mockito.ResetMocksTestExecutionListener, org.springframework.boot.test.autoconfigure.restdocs.RestDocsTestExecutionListener, org.springframework.boot.test.autoconfigure.web.client.MockRestServiceServerResetTestExecutionListener, org.springframework.boot.test.autoconfigure.web.servlet.MockMvcPrintOnlyOnFailureTestExecutionListener, org.springframework.boot.test.autoconfigure.web.servlet.WebDriverTestExecutionListener, org.springframework.test.context.web.ServletTestExecutionListener, org.springframework.test.context.support.DirtiesContextBeforeModesTestExecutionListener, org.springframework.test.context.support.DependencyInjectionTestExecutionListener, org.springframework.test.context.support.DirtiesContextTestExecutionListener, org.springframework.test.context.transaction.TransactionalTestExecutionListener, org.springframework.test.context.jdbc.SqlScriptsTestExecutionListener]
02:00:56.285 [main] INFO org.springframework.boot.test.context.SpringBootTestContextBootstrapper - Using TestExecutionListeners: [org.springframework.test.context.web.ServletTestExecutionListener@3d36e4cd, org.springframework.test.context.support.DirtiesContextBeforeModesTestExecutionListener@6a472554, org.springframework.boot.test.autoconfigure.SpringBootDependencyInjectionTestExecutionListener@7ff2a664, org.springframework.test.context.support.DirtiesContextTestExecutionListener@525b461a, org.springframework.test.context.transaction.TransactionalTestExecutionListener@58c1c010, org.springframework.test.context.jdbc.SqlScriptsTestExecutionListener@b7f23d9, org.springframework.boot.test.autoconfigure.restdocs.RestDocsTestExecutionListener@61d47554, org.springframework.boot.test.autoconfigure.web.servlet.MockMvcPrintOnlyOnFailureTestExecutionListener@69b794e2, org.springframework.boot.test.mock.mockito.MockitoTestExecutionListener@3f200884, org.springframework.boot.test.autoconfigure.web.servlet.WebDriverTestExecutionListener@4d339552, org.springframework.boot.test.autoconfigure.web.client.MockRestServiceServerResetTestExecutionListener@f0f2775, org.springframework.boot.test.mock.mockito.ResetMocksTestExecutionListener@5a4aa2f2]
02:00:56.285 [main] DEBUG org.springframework.test.annotation.ProfileValueUtils - Retrieved @ProfileValueSourceConfiguration [null] for test class [br.com.sigo.DemoApplicationTests]
02:00:56.285 [main] DEBUG org.springframework.test.annotation.ProfileValueUtils - Retrieved ProfileValueSource type [class org.springframework.test.annotation.SystemProfileValueSource] for class [br.com.sigo.DemoApplicationTests]
02:00:56.301 [main] DEBUG org.springframework.test.context.junit4.SpringJUnit4ClassRunner - SpringJUnit4ClassRunner constructor called with [class br.com.sigo.DemoApplicationTests]
02:00:56.302 [main] DEBUG org.springframework.test.context.BootstrapUtils - Instantiating CacheAwareContextLoaderDelegate from class [org.springframework.test.context.cache.DefaultCacheAwareContextLoaderDelegate]
02:00:56.302 [main] DEBUG org.springframework.test.context.BootstrapUtils - Instantiating BootstrapContext using constructor [public org.springframework.test.context.support.DefaultBootstrapContext(java.lang.Class,org.springframework.test.context.CacheAwareContextLoaderDelegate)]
02:00:56.302 [main] DEBUG org.springframework.test.context.BootstrapUtils - Instantiating TestContextBootstrapper for test class [br.com.sigo.DemoApplicationTests] from class [org.springframework.boot.test.context.SpringBootTestContextBootstrapper]
02:00:56.303 [main] INFO org.springframework.boot.test.context.SpringBootTestContextBootstrapper - Neither @ContextConfiguration nor @ContextHierarchy found for test class [br.com.sigo.DemoApplicationTests], using SpringBootContextLoader
02:00:56.304 [main] DEBUG org.springframework.test.context.support.AbstractContextLoader - Did not detect default resource location for test class [br.com.sigo.DemoApplicationTests]: class path resource [br/com/sigo/DemoApplicationTests-context.xml] does not exist
02:00:56.304 [main] DEBUG org.springframework.test.context.support.AbstractContextLoader - Did not detect default resource location for test class [br.com.sigo.DemoApplicationTests]: class path resource [br/com/sigo/DemoApplicationTestsContext.groovy] does not exist
02:00:56.304 [main] INFO org.springframework.test.context.support.AbstractContextLoader - Could not detect default resource locations for test class [br.com.sigo.DemoApplicationTests]: no resource found for suffixes {-context.xml, Context.groovy}.
02:00:56.305 [main] INFO org.springframework.test.context.support.AnnotationConfigContextLoaderUtils - Could not detect default configuration classes for test class [br.com.sigo.DemoApplicationTests]: DemoApplicationTests does not declare any static, non-private, non-final, nested classes annotated with @Configuration.
02:00:56.306 [main] DEBUG org.springframework.test.context.support.ActiveProfilesUtils - Could not find an 'annotation declaring class' for annotation type [org.springframework.test.context.ActiveProfiles] and class [br.com.sigo.DemoApplicationTests]
02:00:56.306 [main] DEBUG org.springframework.core.env.StandardEnvironment - Adding PropertySource 'systemProperties' with lowest search precedence
02:00:56.306 [main] DEBUG org.springframework.core.env.StandardEnvironment - Adding PropertySource 'systemEnvironment' with lowest search precedence
02:00:56.306 [main] DEBUG org.springframework.core.env.StandardEnvironment - Initialized StandardEnvironment with PropertySources [MapPropertySource@364604394 {name='systemProperties', properties={idea.version=2020.3.2, java.runtime.name=Java(TM) SE Runtime Environment, sun.boot.library.path=C:\Program Files\Java\jdk1.8.0_241\jre\bin, java.vm.version=25.241-b07, java.vm.vendor=Oracle Corporation, java.vendor.url=http://java.oracle.com/, path.separator=;, java.vm.name=Java HotSpot(TM) 64-Bit Server VM, file.encoding.pkg=sun.io, user.country=BR, user.script=, sun.java.launcher=SUN_STANDARD, sun.os.patch.level=, java.vm.specification.name=Java Virtual Machine Specification, user.dir=C:\projetos\tcc-pos-puc\camel\rest2soap, java.runtime.version=1.8.0_241-b07, basedir=C:\projetos\tcc-pos-puc\camel\rest2soap, java.awt.graphicsenv=sun.awt.Win32GraphicsEnvironment, java.endorsed.dirs=C:\Program Files\Java\jdk1.8.0_241\jre\lib\endorsed, os.arch=amd64, surefire.real.class.path=C:\projetos\tcc-pos-puc\camel\rest2soap\target\surefire\surefirebooter4102942928154739304.jar, java.io.tmpdir=C:\Users\MARCOS~1\AppData\Local\Temp\, line.separator=
, java.vm.specification.vendor=Oracle Corporation, user.variant=, os.name=Windows 10, sun.jnu.encoding=Cp1252, java.library.path=C:\Program Files\Java\jdk1.8.0_241\jre\bin;C:\Windows\Sun\Java\bin;C:\Windows\system32;C:\Windows;C:\Program Files (x86)\Common Files\Oracle\Java\javapath;C:\Windows\system32;C:\Windows;C:\Windows\System32\Wbem;C:\Windows\System32\WindowsPowerShell\v1.0\;C:\Windows\System32\OpenSSH\;%JAVA-HOME%\bin;C:\Program Files\Git\cmd;C:\apache-maven-3.6.3\bin;;C:\Program Files\nodejs\;C:\Program Files\Docker\Docker\resources\bin;C:\ProgramData\DockerDesktop\version-bin;C:\Users\Marcos Di骻enes\AppData\Local\Microsoft\WindowsApps;;C:\Users\Marcos Di骻enes\AppData\Local\Programs\Microsoft VS Code\bin;C:\Users\Marcos Di骻enes\AppData\Roaming\npm;., surefire.test.class.path=C:\projetos\tcc-pos-puc\camel\rest2soap\target\test-classes;C:\projetos\tcc-pos-puc\camel\rest2soap\target\classes;C:\Users\Marcos Di骻enes\.m2\repository\org\springframework\boot\spring-boot-starter-web\1.5.9.RELEASE\spring-boot-starter-web-1.5.9.RELEASE.jar;C:\Users\Marcos Di骻enes\.m2\repository\org\springframework\boot\spring-boot-starter\1.5.9.RELEASE\spring-boot-starter-1.5.9.RELEASE.jar;C:\Users\Marcos Di骻enes\.m2\repository\org\springframework\boot\spring-boot\1.5.9.RELEASE\spring-boot-1.5.9.RELEASE.jar;C:\Users\Marcos Di骻enes\.m2\repository\org\springframework\boot\spring-boot-autoconfigure\1.5.9.RELEASE\spring-boot-autoconfigure-1.5.9.RELEASE.jar;C:\Users\Marcos Di骻enes\.m2\repository\org\springframework\boot\spring-boot-starter-logging\1.5.9.RELEASE\spring-boot-starter-logging-1.5.9.RELEASE.jar;C:\Users\Marcos Di骻enes\.m2\repository\ch\qos\logback\logback-classic\1.1.11\logback-classic-1.1.11.jar;C:\Users\Marcos Di骻enes\.m2\repository\ch\qos\logback\logback-core\1.1.11\logback-core-1.1.11.jar;C:\Users\Marcos Di骻enes\.m2\repository\org\slf4j\jcl-over-slf4j\1.7.25\jcl-over-slf4j-1.7.25.jar;C:\Users\Marcos Di骻enes\.m2\repository\org\slf4j\jul-to-slf4j\1.7.25\jul-to-slf4j-1.7.25.jar;C:\Users\Marcos Di骻enes\.m2\repository\org\slf4j\log4j-over-slf4j\1.7.25\log4j-over-slf4j-1.7.25.jar;C:\Users\Marcos Di骻enes\.m2\repository\org\springframework\boot\spring-boot-starter-tomcat\1.5.9.RELEASE\spring-boot-starter-tomcat-1.5.9.RELEASE.jar;C:\Users\Marcos Di骻enes\.m2\repository\org\apache\tomcat\embed\tomcat-embed-core\8.5.23\tomcat-embed-core-8.5.23.jar;C:\Users\Marcos Di骻enes\.m2\repository\org\apache\tomcat\tomcat-annotations-api\8.5.23\tomcat-annotations-api-8.5.23.jar;C:\Users\Marcos Di骻enes\.m2\repository\org\apache\tomcat\embed\tomcat-embed-el\8.5.23\tomcat-embed-el-8.5.23.jar;C:\Users\Marcos Di骻enes\.m2\repository\org\apache\tomcat\embed\tomcat-embed-websocket\8.5.23\tomcat-embed-websocket-8.5.23.jar;C:\Users\Marcos Di骻enes\.m2\repository\org\hibernate\hibernate-validator\5.3.6.Final\hibernate-validator-5.3.6.Final.jar;C:\Users\Marcos Di骻enes\.m2\repository\javax\validation\validation-api\1.1.0.Final\validation-api-1.1.0.Final.jar;C:\Users\Marcos Di骻enes\.m2\repository\org\jboss\logging\jboss-logging\3.3.1.Final\jboss-logging-3.3.1.Final.jar;C:\Users\Marcos Di骻enes\.m2\repository\com\fasterxml\classmate\1.3.4\classmate-1.3.4.jar;C:\Users\Marcos Di骻enes\.m2\repository\com\fasterxml\jackson\core\jackson-databind\2.8.10\jackson-databind-2.8.10.jar;C:\Users\Marcos Di骻enes\.m2\repository\org\springframework\spring-web\4.3.13.RELEASE\spring-web-4.3.13.RELEASE.jar;C:\Users\Marcos Di骻enes\.m2\repository\org\springframework\spring-aop\4.3.13.RELEASE\spring-aop-4.3.13.RELEASE.jar;C:\Users\Marcos Di骻enes\.m2\repository\org\springframework\spring-beans\4.3.13.RELEASE\spring-beans-4.3.13.RELEASE.jar;C:\Users\Marcos Di骻enes\.m2\repository\org\springframework\spring-context\4.3.13.RELEASE\spring-context-4.3.13.RELEASE.jar;C:\Users\Marcos Di骻enes\.m2\repository\org\springframework\spring-webmvc\4.3.13.RELEASE\spring-webmvc-4.3.13.RELEASE.jar;C:\Users\Marcos Di骻enes\.m2\repository\org\springframework\spring-expression\4.3.13.RELEASE\spring-expression-4.3.13.RELEASE.jar;C:\Users\Marcos Di骻enes\.m2\repository\org\springframework\boot\spring-boot-starter-test\1.5.9.RELEASE\spring-boot-starter-test-1.5.9.RELEASE.jar;C:\Users\Marcos Di骻enes\.m2\repository\org\springframework\boot\spring-boot-test\1.5.9.RELEASE\spring-boot-test-1.5.9.RELEASE.jar;C:\Users\Marcos Di骻enes\.m2\repository\org\springframework\boot\spring-boot-test-autoconfigure\1.5.9.RELEASE\spring-boot-test-autoconfigure-1.5.9.RELEASE.jar;C:\Users\Marcos Di骻enes\.m2\repository\com\jayway\jsonpath\json-path\2.2.0\json-path-2.2.0.jar;C:\Users\Marcos Di骻enes\.m2\repository\net\minidev\json-smart\2.2.1\json-smart-2.2.1.jar;C:\Users\Marcos Di骻enes\.m2\repository\net\minidev\accessors-smart\1.1\accessors-smart-1.1.jar;C:\Users\Marcos Di骻enes\.m2\repository\junit\junit\4.12\junit-4.12.jar;C:\Users\Marcos Di骻enes\.m2\repository\org\assertj\assertj-core\2.6.0\assertj-core-2.6.0.jar;C:\Users\Marcos Di骻enes\.m2\repository\org\mockito\mockito-core\1.10.19\mockito-core-1.10.19.jar;C:\Users\Marcos Di骻enes\.m2\repository\org\objenesis\objenesis\2.1\objenesis-2.1.jar;C:\Users\Marcos Di骻enes\.m2\repository\org\hamcrest\hamcrest-core\1.3\hamcrest-core-1.3.jar;C:\Users\Marcos Di骻enes\.m2\repository\org\hamcrest\hamcrest-library\1.3\hamcrest-library-1.3.jar;C:\Users\Marcos Di骻enes\.m2\repository\org\skyscreamer\jsonassert\1.4.0\jsonassert-1.4.0.jar;C:\Users\Marcos Di骻enes\.m2\repository\com\vaadin\external\google\android-json\0.0.20131108.vaadin1\android-json-0.0.20131108.vaadin1.jar;C:\Users\Marcos Di骻enes\.m2\repository\org\springframework\spring-core\4.3.13.RELEASE\spring-core-4.3.13.RELEASE.jar;C:\Users\Marcos Di骻enes\.m2\repository\org\springframework\spring-test\4.3.13.RELEASE\spring-test-4.3.13.RELEASE.jar;C:\Users\Marcos Di骻enes\.m2\repository\org\apache\camel\camel-spring-boot-starter\2.20.1\camel-spring-boot-starter-2.20.1.jar;C:\Users\Marcos Di骻enes\.m2\repository\org\apache\camel\camel-spring-boot\2.20.1\camel-spring-boot-2.20.1.jar;C:\Users\Marcos Di骻enes\.m2\repository\org\apache\camel\camel-spring\2.20.1\camel-spring-2.20.1.jar;C:\Users\Marcos Di骻enes\.m2\repository\org\springframework\spring-tx\4.3.13.RELEASE\spring-tx-4.3.13.RELEASE.jar;C:\Users\Marcos Di骻enes\.m2\repository\org\apache\camel\camel-core-starter\2.20.1\camel-core-starter-2.20.1.jar;C:\Users\Marcos Di骻enes\.m2\repository\org\apache\camel\camel-servlet-starter\2.20.1\camel-servlet-starter-2.20.1.jar;C:\Users\Marcos Di骻enes\.m2\repository\org\apache\camel\camel-servlet\2.20.1\camel-servlet-2.20.1.jar;C:\Users\Marcos Di骻enes\.m2\repository\org\apache\camel\camel-http-common\2.20.1\camel-http-common-2.20.1.jar;C:\Users\Marcos Di骻enes\.m2\repository\org\apache\camel\camel-core\2.20.1\camel-core-2.20.1.jar;C:\Users\Marcos Di骻enes\.m2\repository\org\slf4j\slf4j-api\1.7.25\slf4j-api-1.7.25.jar;C:\Users\Marcos Di骻enes\.m2\repository\com\sun\xml\bind\jaxb-core\2.2.11\jaxb-core-2.2.11.jar;C:\Users\Marcos Di骻enes\.m2\repository\com\sun\xml\bind\jaxb-impl\2.2.11\jaxb-impl-2.2.11.jar;C:\Users\Marcos Di骻enes\.m2\repository\org\apache\camel\camel-gson\2.20.1\camel-gson-2.20.1.jar;C:\Users\Marcos Di骻enes\.m2\repository\com\google\code\gson\gson\2.8.2\gson-2.8.2.jar;C:\Users\Marcos Di骻enes\.m2\repository\org\apache\camel\camel-swagger-java\2.18.0\camel-swagger-java-2.18.0.jar;C:\Users\Marcos Di骻enes\.m2\repository\com\fasterxml\jackson\core\jackson-annotations\2.8.0\jackson-annotations-2.8.0.jar;C:\Users\Marcos Di骻enes\.m2\repository\com\fasterxml\jackson\datatype\jackson-datatype-joda\2.8.10\jackson-datatype-joda-2.8.10.jar;C:\Users\Marcos Di骻enes\.m2\repository\joda-time\joda-time\2.9.9\joda-time-2.9.9.jar;C:\Users\Marcos Di骻enes\.m2\repository\com\fasterxml\jackson\dataformat\jackson-dataformat-xml\2.8.10\jackson-dataformat-xml-2.8.10.jar;C:\Users\Marcos Di骻enes\.m2\repository\com\fasterxml\jackson\module\jackson-module-jaxb-annotations\2.8.10\jackson-module-jaxb-annotations-2.8.10.jar;C:\Users\Marcos Di骻enes\.m2\repository\org\codehaus\woodstox\stax2-api\3.1.4\stax2-api-3.1.4.jar;C:\Users\Marcos Di骻enes\.m2\repository\com\fasterxml\woodstox\woodstox-core\5.0.3\woodstox-core-5.0.3.jar;C:\Users\Marcos Di骻enes\.m2\repository\com\fasterxml\jackson\jaxrs\jackson-jaxrs-json-provider\2.8.10\jackson-jaxrs-json-provider-2.8.10.jar;C:\Users\Marcos Di骻enes\.m2\repository\com\fasterxml\jackson\jaxrs\jackson-jaxrs-base\2.8.10\jackson-jaxrs-base-2.8.10.jar;C:\Users\Marcos Di骻enes\.m2\repository\com\google\guava\guava\19.0\guava-19.0.jar;C:\Users\Marcos Di骻enes\.m2\repository\org\apache\commons\commons-lang3\3.4\commons-lang3-3.4.jar;C:\Users\Marcos Di骻enes\.m2\repository\io\swagger\swagger-core\1.5.10\swagger-core-1.5.10.jar;C:\Users\Marcos Di骻enes\.m2\repository\io\swagger\swagger-models\1.5.10\swagger-models-1.5.10.jar;C:\Users\Marcos Di骻enes\.m2\repository\io\swagger\swagger-annotations\1.5.10\swagger-annotations-1.5.10.jar;C:\Users\Marcos Di骻enes\.m2\repository\io\swagger\swagger-jaxrs\1.5.10\swagger-jaxrs-1.5.10.jar;C:\Users\Marcos Di骻enes\.m2\repository\javax\ws\rs\jsr311-api\1.1.1\jsr311-api-1.1.1.jar;C:\Users\Marcos Di骻enes\.m2\repository\org\reflections\reflections\0.9.10\reflections-0.9.10.jar;C:\Users\Marcos Di骻enes\.m2\repository\org\javassist\javassist\3.21.0-GA\javassist-3.21.0-GA.jar;C:\Users\Marcos Di骻enes\.m2\repository\com\google\code\findbugs\annotations\2.0.1\annotations-2.0.1.jar;C:\Users\Marcos Di骻enes\.m2\repository\io\swagger\swagger-parser\1.0.22\swagger-parser-1.0.22.jar;C:\Users\Marcos Di骻enes\.m2\repository\org\slf4j\slf4j-ext\1.7.25\slf4j-ext-1.7.25.jar;C:\Users\Marcos Di骻enes\.m2\repository\commons-io\commons-io\2.4\commons-io-2.4.jar;C:\Users\Marcos Di骻enes\.m2\repository\org\webjars\swagger-ui\2.2.10\swagger-ui-2.2.10.jar;C:\Users\Marcos Di骻enes\.m2\repository\org\webjars\webjars-locator\0.32-1\webjars-locator-0.32-1.jar;C:\Users\Marcos Di骻enes\.m2\repository\org\webjars\webjars-locator-core\0.32\webjars-locator-core-0.32.jar;C:\Users\Marcos Di骻enes\.m2\repository\org\apache\commons\commons-compress\1.9\commons-compress-1.9.jar;C:\Users\Marcos Di骻enes\.m2\repository\org\projectlombok\lombok\1.16.16\lombok-1.16.16.jar;C:\Users\Marcos Di骻enes\.m2\repository\org\apache\logging\log4j\log4j-api\2.6.1\log4j-api-2.6.1.jar;C:\Users\Marcos Di骻enes\.m2\repository\org\apache\logging\log4j\log4j-core\2.6.1\log4j-core-2.6.1.jar;C:\Users\Marcos Di骻enes\.m2\repository\com\fasterxml\jackson\dataformat\jackson-dataformat-yaml\2.9.5\jackson-dataformat-yaml-2.9.5.jar;C:\Users\Marcos Di骻enes\.m2\repository\org\yaml\snakeyaml\1.17\snakeyaml-1.17.jar;C:\Users\Marcos Di骻enes\.m2\repository\com\fasterxml\jackson\core\jackson-core\2.8.10\jackson-core-2.8.10.jar;C:\Users\Marcos Di骻enes\.m2\repository\org\apache\camel\camel-cxf-starter\2.20.1\camel-cxf-starter-2.20.1.jar;C:\Users\Marcos Di骻enes\.m2\repository\org\apache\camel\camel-cxf\2.20.1\camel-cxf-2.20.1.jar;C:\Users\Marcos Di骻enes\.m2\repository\org\apache\camel\camel-cxf-transport\2.20.1\camel-cxf-transport-2.20.1.jar;C:\Users\Marcos Di骻enes\.m2\repository\javax\servlet\javax.servlet-api\3.1.0\javax.servlet-api-3.1.0.jar;C:\Users\Marcos Di骻enes\.m2\repository\org\apache\cxf\cxf-rt-frontend-jaxrs\3.2.1\cxf-rt-frontend-jaxrs-3.2.1.jar;C:\Users\Marcos Di骻enes\.m2\repository\org\apache\cxf\cxf-core\3.2.1\cxf-core-3.2.1.jar;C:\Users\Marcos Di骻enes\.m2\repository\org\apache\ws\xmlschema\xmlschema-core\2.2.2\xmlschema-core-2.2.2.jar;C:\Users\Marcos Di骻enes\.m2\repository\javax\ws\rs\javax.ws.rs-api\2.1\javax.ws.rs-api-2.1.jar;C:\Users\Marcos Di骻enes\.m2\repository\javax\annotation\javax.annotation-api\1.3\javax.annotation-api-1.3.jar;C:\Users\Marcos Di骻enes\.m2\repository\org\apache\cxf\cxf-rt-transports-http\3.2.1\cxf-rt-transports-http-3.2.1.jar;C:\Users\Marcos Di骻enes\.m2\repository\org\apache\cxf\cxf-rt-frontend-jaxws\3.2.1\cxf-rt-frontend-jaxws-3.2.1.jar;C:\Users\Marcos Di骻enes\.m2\repository\xml-resolver\xml-resolver\1.2\xml-resolver-1.2.jar;C:\Users\Marcos Di骻enes\.m2\repository\org\ow2\asm\asm\5.2\asm-5.2.jar;C:\Users\Marcos Di骻enes\.m2\repository\org\apache\cxf\cxf-rt-bindings-xml\3.2.1\cxf-rt-bindings-xml-3.2.1.jar;C:\Users\Marcos Di骻enes\.m2\repository\org\apache\cxf\cxf-rt-frontend-simple\3.2.1\cxf-rt-frontend-simple-3.2.1.jar;C:\Users\Marcos Di骻enes\.m2\repository\org\apache\cxf\cxf-rt-ws-addr\3.2.1\cxf-rt-ws-addr-3.2.1.jar;C:\Users\Marcos Di骻enes\.m2\repository\org\apache\cxf\cxf-rt-ws-policy\3.2.1\cxf-rt-ws-policy-3.2.1.jar;C:\Users\Marcos Di骻enes\.m2\repository\org\apache\neethi\neethi\3.1.0\neethi-3.1.0.jar;C:\Users\Marcos Di骻enes\.m2\repository\org\apache\cxf\cxf-rt-rs-client\3.2.1\cxf-rt-rs-client-3.2.1.jar;C:\Users\Marcos Di骻enes\.m2\repository\org\apache\cxf\cxf-rt-bindings-soap\3.2.1\cxf-rt-bindings-soap-3.2.1.jar;C:\Users\Marcos Di骻enes\.m2\repository\org\apache\cxf\cxf-rt-wsdl\3.2.1\cxf-rt-wsdl-3.2.1.jar;C:\Users\Marcos Di骻enes\.m2\repository\wsdl4j\wsdl4j\1.6.3\wsdl4j-1.6.3.jar;C:\Users\Marcos Di骻enes\.m2\repository\org\apache\cxf\cxf-rt-databinding-jaxb\3.2.1\cxf-rt-databinding-jaxb-3.2.1.jar;C:\Users\Marcos Di骻enes\.m2\repository\org\apache\camel\camel-soap\2.20.1\camel-soap-2.20.1.jar;C:\Users\Marcos Di骻enes\.m2\repository\org\apache\camel\camel-jaxb\2.20.1\camel-jaxb-2.20.1.jar;, java.specification.name=Java Platform API Specification, java.class.version=52.0, sun.management.compiler=HotSpot 64-Bit Tiered Compilers, os.version=10.0, user.home=C:\Users\Marcos Di骻enes, user.timezone=America/Sao_Paulo, java.awt.printerjob=sun.awt.windows.WPrinterJob, file.encoding=Cp1252, java.specification.version=1.8, java.class.path=C:\projetos\tcc-pos-puc\camel\rest2soap\target\test-classes;C:\projetos\tcc-pos-puc\camel\rest2soap\target\classes;C:\Users\Marcos Di骻enes\.m2\repository\org\springframework\boot\spring-boot-starter-web\1.5.9.RELEASE\spring-boot-starter-web-1.5.9.RELEASE.jar;C:\Users\Marcos Di骻enes\.m2\repository\org\springframework\boot\spring-boot-starter\1.5.9.RELEASE\spring-boot-starter-1.5.9.RELEASE.jar;C:\Users\Marcos Di骻enes\.m2\repository\org\springframework\boot\spring-boot\1.5.9.RELEASE\spring-boot-1.5.9.RELEASE.jar;C:\Users\Marcos Di骻enes\.m2\repository\org\springframework\boot\spring-boot-autoconfigure\1.5.9.RELEASE\spring-boot-autoconfigure-1.5.9.RELEASE.jar;C:\Users\Marcos Di骻enes\.m2\repository\org\springframework\boot\spring-boot-starter-logging\1.5.9.RELEASE\spring-boot-starter-logging-1.5.9.RELEASE.jar;C:\Users\Marcos Di骻enes\.m2\repository\ch\qos\logback\logback-classic\1.1.11\logback-classic-1.1.11.jar;C:\Users\Marcos Di骻enes\.m2\repository\ch\qos\logback\logback-core\1.1.11\logback-core-1.1.11.jar;C:\Users\Marcos Di骻enes\.m2\repository\org\slf4j\jcl-over-slf4j\1.7.25\jcl-over-slf4j-1.7.25.jar;C:\Users\Marcos Di骻enes\.m2\repository\org\slf4j\jul-to-slf4j\1.7.25\jul-to-slf4j-1.7.25.jar;C:\Users\Marcos Di骻enes\.m2\repository\org\slf4j\log4j-over-slf4j\1.7.25\log4j-over-slf4j-1.7.25.jar;C:\Users\Marcos Di骻enes\.m2\repository\org\springframework\boot\spring-boot-starter-tomcat\1.5.9.RELEASE\spring-boot-starter-tomcat-1.5.9.RELEASE.jar;C:\Users\Marcos Di骻enes\.m2\repository\org\apache\tomcat\embed\tomcat-embed-core\8.5.23\tomcat-embed-core-8.5.23.jar;C:\Users\Marcos Di骻enes\.m2\repository\org\apache\tomcat\tomcat-annotations-api\8.5.23\tomcat-annotations-api-8.5.23.jar;C:\Users\Marcos Di骻enes\.m2\repository\org\apache\tomcat\embed\tomcat-embed-el\8.5.23\tomcat-embed-el-8.5.23.jar;C:\Users\Marcos Di骻enes\.m2\repository\org\apache\tomcat\embed\tomcat-embed-websocket\8.5.23\tomcat-embed-websocket-8.5.23.jar;C:\Users\Marcos Di骻enes\.m2\repository\org\hibernate\hibernate-validator\5.3.6.Final\hibernate-validator-5.3.6.Final.jar;C:\Users\Marcos Di骻enes\.m2\repository\javax\validation\validation-api\1.1.0.Final\validation-api-1.1.0.Final.jar;C:\Users\Marcos Di骻enes\.m2\repository\org\jboss\logging\jboss-logging\3.3.1.Final\jboss-logging-3.3.1.Final.jar;C:\Users\Marcos Di骻enes\.m2\repository\com\fasterxml\classmate\1.3.4\classmate-1.3.4.jar;C:\Users\Marcos Di骻enes\.m2\repository\com\fasterxml\jackson\core\jackson-databind\2.8.10\jackson-databind-2.8.10.jar;C:\Users\Marcos Di骻enes\.m2\repository\org\springframework\spring-web\4.3.13.RELEASE\spring-web-4.3.13.RELEASE.jar;C:\Users\Marcos Di骻enes\.m2\repository\org\springframework\spring-aop\4.3.13.RELEASE\spring-aop-4.3.13.RELEASE.jar;C:\Users\Marcos Di骻enes\.m2\repository\org\springframework\spring-beans\4.3.13.RELEASE\spring-beans-4.3.13.RELEASE.jar;C:\Users\Marcos Di骻enes\.m2\repository\org\springframework\spring-context\4.3.13.RELEASE\spring-context-4.3.13.RELEASE.jar;C:\Users\Marcos Di骻enes\.m2\repository\org\springframework\spring-webmvc\4.3.13.RELEASE\spring-webmvc-4.3.13.RELEASE.jar;C:\Users\Marcos Di骻enes\.m2\repository\org\springframework\spring-expression\4.3.13.RELEASE\spring-expression-4.3.13.RELEASE.jar;C:\Users\Marcos Di骻enes\.m2\repository\org\springframework\boot\spring-boot-starter-test\1.5.9.RELEASE\spring-boot-starter-test-1.5.9.RELEASE.jar;C:\Users\Marcos Di骻enes\.m2\repository\org\springframework\boot\spring-boot-test\1.5.9.RELEASE\spring-boot-test-1.5.9.RELEASE.jar;C:\Users\Marcos Di骻enes\.m2\repository\org\springframework\boot\spring-boot-test-autoconfigure\1.5.9.RELEASE\spring-boot-test-autoconfigure-1.5.9.RELEASE.jar;C:\Users\Marcos Di骻enes\.m2\repository\com\jayway\jsonpath\json-path\2.2.0\json-path-2.2.0.jar;C:\Users\Marcos Di骻enes\.m2\repository\net\minidev\json-smart\2.2.1\json-smart-2.2.1.jar;C:\Users\Marcos Di骻enes\.m2\repository\net\minidev\accessors-smart\1.1\accessors-smart-1.1.jar;C:\Users\Marcos Di骻enes\.m2\repository\junit\junit\4.12\junit-4.12.jar;C:\Users\Marcos Di骻enes\.m2\repository\org\assertj\assertj-core\2.6.0\assertj-core-2.6.0.jar;C:\Users\Marcos Di骻enes\.m2\repository\org\mockito\mockito-core\1.10.19\mockito-core-1.10.19.jar;C:\Users\Marcos Di骻enes\.m2\repository\org\objenesis\objenesis\2.1\objenesis-2.1.jar;C:\Users\Marcos Di骻enes\.m2\repository\org\hamcrest\hamcrest-core\1.3\hamcrest-core-1.3.jar;C:\Users\Marcos Di骻enes\.m2\repository\org\hamcrest\hamcrest-library\1.3\hamcrest-library-1.3.jar;C:\Users\Marcos Di骻enes\.m2\repository\org\skyscreamer\jsonassert\1.4.0\jsonassert-1.4.0.jar;C:\Users\Marcos Di骻enes\.m2\repository\com\vaadin\external\google\android-json\0.0.20131108.vaadin1\android-json-0.0.20131108.vaadin1.jar;C:\Users\Marcos Di骻enes\.m2\repository\org\springframework\spring-core\4.3.13.RELEASE\spring-core-4.3.13.RELEASE.jar;C:\Users\Marcos Di骻enes\.m2\repository\org\springframework\spring-test\4.3.13.RELEASE\spring-test-4.3.13.RELEASE.jar;C:\Users\Marcos Di骻enes\.m2\repository\org\apache\camel\camel-spring-boot-starter\2.20.1\camel-spring-boot-starter-2.20.1.jar;C:\Users\Marcos Di骻enes\.m2\repository\org\apache\camel\camel-spring-boot\2.20.1\camel-spring-boot-2.20.1.jar;C:\Users\Marcos Di骻enes\.m2\repository\org\apache\camel\camel-spring\2.20.1\camel-spring-2.20.1.jar;C:\Users\Marcos Di骻enes\.m2\repository\org\springframework\spring-tx\4.3.13.RELEASE\spring-tx-4.3.13.RELEASE.jar;C:\Users\Marcos Di骻enes\.m2\repository\org\apache\camel\camel-core-starter\2.20.1\camel-core-starter-2.20.1.jar;C:\Users\Marcos Di骻enes\.m2\repository\org\apache\camel\camel-servlet-starter\2.20.1\camel-servlet-starter-2.20.1.jar;C:\Users\Marcos Di骻enes\.m2\repository\org\apache\camel\camel-servlet\2.20.1\camel-servlet-2.20.1.jar;C:\Users\Marcos Di骻enes\.m2\repository\org\apache\camel\camel-http-common\2.20.1\camel-http-common-2.20.1.jar;C:\Users\Marcos Di骻enes\.m2\repository\org\apache\camel\camel-core\2.20.1\camel-core-2.20.1.jar;C:\Users\Marcos Di骻enes\.m2\repository\org\slf4j\slf4j-api\1.7.25\slf4j-api-1.7.25.jar;C:\Users\Marcos Di骻enes\.m2\repository\com\sun\xml\bind\jaxb-core\2.2.11\jaxb-core-2.2.11.jar;C:\Users\Marcos Di骻enes\.m2\repository\com\sun\xml\bind\jaxb-impl\2.2.11\jaxb-impl-2.2.11.jar;C:\Users\Marcos Di骻enes\.m2\repository\org\apache\camel\camel-gson\2.20.1\camel-gson-2.20.1.jar;C:\Users\Marcos Di骻enes\.m2\repository\com\google\code\gson\gson\2.8.2\gson-2.8.2.jar;C:\Users\Marcos Di骻enes\.m2\repository\org\apache\camel\camel-swagger-java\2.18.0\camel-swagger-java-2.18.0.jar;C:\Users\Marcos Di骻enes\.m2\repository\com\fasterxml\jackson\core\jackson-annotations\2.8.0\jackson-annotations-2.8.0.jar;C:\Users\Marcos Di骻enes\.m2\repository\com\fasterxml\jackson\datatype\jackson-datatype-joda\2.8.10\jackson-datatype-joda-2.8.10.jar;C:\Users\Marcos Di骻enes\.m2\repository\joda-time\joda-time\2.9.9\joda-time-2.9.9.jar;C:\Users\Marcos Di骻enes\.m2\repository\com\fasterxml\jackson\dataformat\jackson-dataformat-xml\2.8.10\jackson-dataformat-xml-2.8.10.jar;C:\Users\Marcos Di骻enes\.m2\repository\com\fasterxml\jackson\module\jackson-module-jaxb-annotations\2.8.10\jackson-module-jaxb-annotations-2.8.10.jar;C:\Users\Marcos Di骻enes\.m2\repository\org\codehaus\woodstox\stax2-api\3.1.4\stax2-api-3.1.4.jar;C:\Users\Marcos Di骻enes\.m2\repository\com\fasterxml\woodstox\woodstox-core\5.0.3\woodstox-core-5.0.3.jar;C:\Users\Marcos Di骻enes\.m2\repository\com\fasterxml\jackson\jaxrs\jackson-jaxrs-json-provider\2.8.10\jackson-jaxrs-json-provider-2.8.10.jar;C:\Users\Marcos Di骻enes\.m2\repository\com\fasterxml\jackson\jaxrs\jackson-jaxrs-base\2.8.10\jackson-jaxrs-base-2.8.10.jar;C:\Users\Marcos Di骻enes\.m2\repository\com\google\guava\guava\19.0\guava-19.0.jar;C:\Users\Marcos Di骻enes\.m2\repository\org\apache\commons\commons-lang3\3.4\commons-lang3-3.4.jar;C:\Users\Marcos Di骻enes\.m2\repository\io\swagger\swagger-core\1.5.10\swagger-core-1.5.10.jar;C:\Users\Marcos Di骻enes\.m2\repository\io\swagger\swagger-models\1.5.10\swagger-models-1.5.10.jar;C:\Users\Marcos Di骻enes\.m2\repository\io\swagger\swagger-annotations\1.5.10\swagger-annotations-1.5.10.jar;C:\Users\Marcos Di骻enes\.m2\repository\io\swagger\swagger-jaxrs\1.5.10\swagger-jaxrs-1.5.10.jar;C:\Users\Marcos Di骻enes\.m2\repository\javax\ws\rs\jsr311-api\1.1.1\jsr311-api-1.1.1.jar;C:\Users\Marcos Di骻enes\.m2\repository\org\reflections\reflections\0.9.10\reflections-0.9.10.jar;C:\Users\Marcos Di骻enes\.m2\repository\org\javassist\javassist\3.21.0-GA\javassist-3.21.0-GA.jar;C:\Users\Marcos Di骻enes\.m2\repository\com\google\code\findbugs\annotations\2.0.1\annotations-2.0.1.jar;C:\Users\Marcos Di骻enes\.m2\repository\io\swagger\swagger-parser\1.0.22\swagger-parser-1.0.22.jar;C:\Users\Marcos Di骻enes\.m2\repository\org\slf4j\slf4j-ext\1.7.25\slf4j-ext-1.7.25.jar;C:\Users\Marcos Di骻enes\.m2\repository\commons-io\commons-io\2.4\commons-io-2.4.jar;C:\Users\Marcos Di骻enes\.m2\repository\org\webjars\swagger-ui\2.2.10\swagger-ui-2.2.10.jar;C:\Users\Marcos Di骻enes\.m2\repository\org\webjars\webjars-locator\0.32-1\webjars-locator-0.32-1.jar;C:\Users\Marcos Di骻enes\.m2\repository\org\webjars\webjars-locator-core\0.32\webjars-locator-core-0.32.jar;C:\Users\Marcos Di骻enes\.m2\repository\org\apache\commons\commons-compress\1.9\commons-compress-1.9.jar;C:\Users\Marcos Di骻enes\.m2\repository\org\projectlombok\lombok\1.16.16\lombok-1.16.16.jar;C:\Users\Marcos Di骻enes\.m2\repository\org\apache\logging\log4j\log4j-api\2.6.1\log4j-api-2.6.1.jar;C:\Users\Marcos Di骻enes\.m2\repository\org\apache\logging\log4j\log4j-core\2.6.1\log4j-core-2.6.1.jar;C:\Users\Marcos Di骻enes\.m2\repository\com\fasterxml\jackson\dataformat\jackson-dataformat-yaml\2.9.5\jackson-dataformat-yaml-2.9.5.jar;C:\Users\Marcos Di骻enes\.m2\repository\org\yaml\snakeyaml\1.17\snakeyaml-1.17.jar;C:\Users\Marcos Di骻enes\.m2\repository\com\fasterxml\jackson\core\jackson-core\2.8.10\jackson-core-2.8.10.jar;C:\Users\Marcos Di骻enes\.m2\repository\org\apache\camel\camel-cxf-starter\2.20.1\camel-cxf-starter-2.20.1.jar;C:\Users\Marcos Di骻enes\.m2\repository\org\apache\camel\camel-cxf\2.20.1\camel-cxf-2.20.1.jar;C:\Users\Marcos Di骻enes\.m2\repository\org\apache\camel\camel-cxf-transport\2.20.1\camel-cxf-transport-2.20.1.jar;C:\Users\Marcos Di骻enes\.m2\repository\javax\servlet\javax.servlet-api\3.1.0\javax.servlet-api-3.1.0.jar;C:\Users\Marcos Di骻enes\.m2\repository\org\apache\cxf\cxf-rt-frontend-jaxrs\3.2.1\cxf-rt-frontend-jaxrs-3.2.1.jar;C:\Users\Marcos Di骻enes\.m2\repository\org\apache\cxf\cxf-core\3.2.1\cxf-core-3.2.1.jar;C:\Users\Marcos Di骻enes\.m2\repository\org\apache\ws\xmlschema\xmlschema-core\2.2.2\xmlschema-core-2.2.2.jar;C:\Users\Marcos Di骻enes\.m2\repository\javax\ws\rs\javax.ws.rs-api\2.1\javax.ws.rs-api-2.1.jar;C:\Users\Marcos Di骻enes\.m2\repository\javax\annotation\javax.annotation-api\1.3\javax.annotation-api-1.3.jar;C:\Users\Marcos Di骻enes\.m2\repository\org\apache\cxf\cxf-rt-transports-http\3.2.1\cxf-rt-transports-http-3.2.1.jar;C:\Users\Marcos Di骻enes\.m2\repository\org\apache\cxf\cxf-rt-frontend-jaxws\3.2.1\cxf-rt-frontend-jaxws-3.2.1.jar;C:\Users\Marcos Di骻enes\.m2\repository\xml-resolver\xml-resolver\1.2\xml-resolver-1.2.jar;C:\Users\Marcos Di骻enes\.m2\repository\org\ow2\asm\
[...]
 =========|_|==============|___/=/_/_/_/
 :: Spring Boot ::        (v1.5.9.RELEASE)

2021-04-03 02:00:56.851  INFO 24500 --- [           main] br.com.sigo.DemoApplicationTests         : Starting DemoApplicationTests on DESKTOP-FDDN5CD with PID 24500 (started by Marcos Di贸genes in C:\projetos\tcc-pos-puc\camel\rest2soap)
2021-04-03 02:00:56.851  INFO 24500 --- [           main] br.com.sigo.DemoApplicationTests         : No active profile set, falling back to default profiles: default
2021-04-03 02:00:56.890  INFO 24500 --- [           main] o.s.w.c.s.GenericWebApplicationContext   : Refreshing org.springframework.web.context.support.GenericWebApplicationContext@5b38c1ec: startup date [Sat Apr 03 02:00:56 BRT 2021]; root of context hierarchy
2021-04-03 02:00:58.751  INFO 24500 --- [           main] trationDelegate$BeanPostProcessorChecker : Bean 'org.apache.camel.spring.boot.CamelAutoConfiguration' of type [org.apache.camel.spring.boot.CamelAutoConfiguration$$EnhancerBySpringCGLIB$$b54c5f4f] is not eligible for getting processed by all BeanPostProcessors (for example: not eligible for auto-proxying)
2021-04-03 02:00:59.201  WARN 24500 --- [           main] o.a.c.i.DefaultCamelBeanPostProcessor    : No CamelContext defined yet so cannot inject into bean: routesHealthCheckRepository
2021-04-03 02:00:59.922  INFO 24500 --- [           main] s.w.s.m.m.a.RequestMappingHandlerAdapter : Looking for @ControllerAdvice: org.springframework.web.context.support.GenericWebApplicationContext@5b38c1ec: startup date [Sat Apr 03 02:00:56 BRT 2021]; root of context hierarchy
2021-04-03 02:01:00.006  INFO 24500 --- [           main] s.w.s.m.m.a.RequestMappingHandlerMapping : Mapped "{[/swagger-ui]}" onto public java.lang.String br.com.sigo.config.CamelRouteConfig$SwaggerConfig.redirectToUi()
2021-04-03 02:01:00.006  INFO 24500 --- [           main] s.w.s.m.m.a.RequestMappingHandlerMapping : Mapped "{[/error]}" onto public org.springframework.http.ResponseEntity<java.util.Map<java.lang.String, java.lang.Object>> org.springframework.boot.autoconfigure.web.BasicErrorController.error(javax.servlet.http.HttpServletRequest)
2021-04-03 02:01:00.006  INFO 24500 --- [           main] s.w.s.m.m.a.RequestMappingHandlerMapping : Mapped "{[/error],produces=[text/html]}" onto public org.springframework.web.servlet.ModelAndView org.springframework.boot.autoconfigure.web.BasicErrorController.errorHtml(javax.servlet.http.HttpServletRequest,javax.servlet.http.HttpServletResponse)
2021-04-03 02:01:00.168  INFO 24500 --- [           main] o.s.w.s.handler.SimpleUrlHandlerMapping  : Mapped URL path [/webjars/**] onto handler of type [class org.springframework.web.servlet.resource.ResourceHttpRequestHandler]
2021-04-03 02:01:00.177  INFO 24500 --- [           main] o.s.w.s.handler.SimpleUrlHandlerMapping  : Mapped URL path [/**] onto handler of type [class org.springframework.web.servlet.resource.ResourceHttpRequestHandler]
2021-04-03 02:01:00.218  INFO 24500 --- [           main] o.s.w.s.handler.SimpleUrlHandlerMapping  : Mapped URL path [/**/favicon.ico] onto handler of type [class org.springframework.web.servlet.resource.ResourceHttpRequestHandler]
2021-04-03 02:01:00.368  INFO 24500 --- [           main] o.a.c.i.converter.DefaultTypeConverter   : Type converters loaded (core: 192, classpath: 22)
2021-04-03 02:01:01.234  INFO 24500 --- [           main] utoConfigurationReportLoggingInitializer : 

Error starting ApplicationContext. To display the auto-configuration report re-run your application with 'debug' enabled.
2021-04-03 02:01:01.251 ERROR 24500 --- [           main] o.s.boot.SpringApplication               : Application startup failed

org.apache.camel.spring.boot.CamelSpringBootInitializationException: java.lang.IllegalArgumentException: Must add verb first, such as get/post/delete
	at org.apache.camel.spring.boot.RoutesCollector.onApplicationEvent(RoutesCollector.java:133) ~[camel-spring-boot-2.20.1.jar:2.20.1]
	at org.apache.camel.spring.boot.RoutesCollector.onApplicationEvent(RoutesCollector.java:57) ~[camel-spring-boot-2.20.1.jar:2.20.1]
	at org.springframework.context.event.SimpleApplicationEventMulticaster.doInvokeListener(SimpleApplicationEventMulticaster.java:172) ~[spring-context-4.3.13.RELEASE.jar:4.3.13.RELEASE]
	at org.springframework.context.event.SimpleApplicationEventMulticaster.invokeListener(SimpleApplicationEventMulticaster.java:165) ~[spring-context-4.3.13.RELEASE.jar:4.3.13.RELEASE]
	at org.springframework.context.event.SimpleApplicationEventMulticaster.multicastEvent(SimpleApplicationEventMulticaster.java:139) ~[spring-context-4.3.13.RELEASE.jar:4.3.13.RELEASE]
	at org.springframework.context.support.AbstractApplicationContext.publishEvent(AbstractApplicationContext.java:393) ~[spring-context-4.3.13.RELEASE.jar:4.3.13.RELEASE]
	at org.springframework.context.support.AbstractApplicationContext.publishEvent(AbstractApplicationContext.java:347) ~[spring-context-4.3.13.RELEASE.jar:4.3.13.RELEASE]
	at org.springframework.context.support.AbstractApplicationContext.finishRefresh(AbstractApplicationContext.java:883) ~[spring-context-4.3.13.RELEASE.jar:4.3.13.RELEASE]
	at org.springframework.context.support.AbstractApplicationContext.refresh(AbstractApplicationContext.java:546) ~[spring-context-4.3.13.RELEASE.jar:4.3.13.RELEASE]
	at org.springframework.boot.SpringApplication.refresh(SpringApplication.java:693) ~[spring-boot-1.5.9.RELEASE.jar:1.5.9.RELEASE]
	at org.springframework.boot.SpringApplication.refreshContext(SpringApplication.java:360) ~[spring-boot-1.5.9.RELEASE.jar:1.5.9.RELEASE]
	at org.springframework.boot.SpringApplication.run(SpringApplication.java:303) ~[spring-boot-1.5.9.RELEASE.jar:1.5.9.RELEASE]
	at org.springframework.boot.test.context.SpringBootContextLoader.loadContext(SpringBootContextLoader.java:120) [spring-boot-test-1.5.9.RELEASE.jar:1.5.9.RELEASE]
	at org.springframework.test.context.cache.DefaultCacheAwareContextLoaderDelegate.loadContextInternal(DefaultCacheAwareContextLoaderDelegate.java:98) [spring-test-4.3.13.RELEASE.jar:4.3.13.RELEASE]
	at org.springframework.test.context.cache.DefaultCacheAwareContextLoaderDelegate.loadContext(DefaultCacheAwareContextLoaderDelegate.java:116) [spring-test-4.3.13.RELEASE.jar:4.3.13.RELEASE]
	at org.springframework.test.context.support.DefaultTestContext.getApplicationContext(DefaultTestContext.java:83) [spring-test-4.3.13.RELEASE.jar:4.3.13.RELEASE]
	at org.springframework.test.context.web.ServletTestExecutionListener.setUpRequestContextIfNecessary(ServletTestExecutionListener.java:189) [spring-test-4.3.13.RELEASE.jar:4.3.13.RELEASE]
	at org.springframework.test.context.web.ServletTestExecutionListener.prepareTestInstance(ServletTestExecutionListener.java:131) [spring-test-4.3.13.RELEASE.jar:4.3.13.RELEASE]
	at org.springframework.test.context.TestContextManager.prepareTestInstance(TestContextManager.java:230) [spring-test-4.3.13.RELEASE.jar:4.3.13.RELEASE]
	at org.springframework.test.context.junit4.SpringJUnit4ClassRunner.createTest(SpringJUnit4ClassRunner.java:228) [spring-test-4.3.13.RELEASE.jar:4.3.13.RELEASE]
	at org.springframework.test.context.junit4.SpringJUnit4ClassRunner$1.runReflectiveCall(SpringJUnit4ClassRunner.java:287) [spring-test-4.3.13.RELEASE.jar:4.3.13.RELEASE]
	at org.junit.internal.runners.model.ReflectiveCallable.run(ReflectiveCallable.java:12) [junit-4.12.jar:4.12]
	at org.springframework.test.context.junit4.SpringJUnit4ClassRunner.methodBlock(SpringJUnit4ClassRunner.java:289) [spring-test-4.3.13.RELEASE.jar:4.3.13.RELEASE]
	at org.springframework.test.context.junit4.SpringJUnit4ClassRunner.runChild(SpringJUnit4ClassRunner.java:247) [spring-test-4.3.13.RELEASE.jar:4.3.13.RELEASE]
	at org.springframework.test.context.junit4.SpringJUnit4ClassRunner.runChild(SpringJUnit4ClassRunner.java:94) [spring-test-4.3.13.RELEASE.jar:4.3.13.RELEASE]
	at org.junit.runners.ParentRunner$3.run(ParentRunner.java:290) [junit-4.12.jar:4.12]
	at org.junit.runners.ParentRunner$1.schedule(ParentRunner.java:71) [junit-4.12.jar:4.12]
	at org.junit.runners.ParentRunner.runChildren(ParentRunner.java:288) [junit-4.12.jar:4.12]
	at org.junit.runners.ParentRunner.access$000(ParentRunner.java:58) [junit-4.12.jar:4.12]
	at org.junit.runners.ParentRunner$2.evaluate(ParentRunner.java:268) [junit-4.12.jar:4.12]
	at org.springframework.test.context.junit4.statements.RunBeforeTestClassCallbacks.evaluate(RunBeforeTestClassCallbacks.java:61) [spring-test-4.3.13.RELEASE.jar:4.3.13.RELEASE]
	at org.springframework.test.context.junit4.statements.RunAfterTestClassCallbacks.evaluate(RunAfterTestClassCallbacks.java:70) [spring-test-4.3.13.RELEASE.jar:4.3.13.RELEASE]
	at org.junit.runners.ParentRunner.run(ParentRunner.java:363) [junit-4.12.jar:4.12]
	at org.springframework.test.context.junit4.SpringJUnit4ClassRunner.run(SpringJUnit4ClassRunner.java:191) [spring-test-4.3.13.RELEASE.jar:4.3.13.RELEASE]
	at org.apache.maven.surefire.junit4.JUnit4Provider.execute(JUnit4Provider.java:283) [surefire-junit4-2.18.1.jar:2.18.1]
	at org.apache.maven.surefire.junit4.JUnit4Provider.executeWithRerun(JUnit4Provider.java:173) [surefire-junit4-2.18.1.jar:2.18.1]
	at org.apache.maven.surefire.junit4.JUnit4Provider.executeTestSet(JUnit4Provider.java:153) [surefire-junit4-2.18.1.jar:2.18.1]
	at org.apache.maven.surefire.junit4.JUnit4Provider.invoke(JUnit4Provider.java:128) [surefire-junit4-2.18.1.jar:2.18.1]
	at org.apache.maven.surefire.booter.ForkedBooter.invokeProviderInSameClassLoader(ForkedBooter.java:203) [surefire-booter-2.18.1.jar:2.18.1]
	at org.apache.maven.surefire.booter.ForkedBooter.runSuitesInProcess(ForkedBooter.java:155) [surefire-booter-2.18.1.jar:2.18.1]
	at org.apache.maven.surefire.booter.ForkedBooter.main(ForkedBooter.java:103) [surefire-booter-2.18.1.jar:2.18.1]
Caused by: java.lang.IllegalArgumentException: Must add verb first, such as get/post/delete
	at org.apache.camel.model.rest.RestDefinition.to(RestDefinition.java:530) ~[camel-core-2.20.1.jar:2.20.1]
	at br.com.sigo.config.CamelRouteConfig.configure(CamelRouteConfig.java:33) ~[classes/:na]
	at org.apache.camel.builder.RouteBuilder.checkInitialized(RouteBuilder.java:462) ~[camel-core-2.20.1.jar:2.20.1]
	at org.apache.camel.builder.RouteBuilder.configureRoutes(RouteBuilder.java:402) ~[camel-core-2.20.1.jar:2.20.1]
	at org.apache.camel.builder.RouteBuilder.addRoutesToCamelContext(RouteBuilder.java:383) ~[camel-core-2.20.1.jar:2.20.1]
	at org.apache.camel.impl.DefaultCamelContext$1.call(DefaultCamelContext.java:1032) ~[camel-core-2.20.1.jar:2.20.1]
	at org.apache.camel.impl.DefaultCamelContext$1.call(DefaultCamelContext.java:1029) ~[camel-core-2.20.1.jar:2.20.1]
	at org.apache.camel.impl.DefaultCamelContext.doWithDefinedClassLoader(DefaultCamelContext.java:3268) ~[camel-core-2.20.1.jar:2.20.1]
	at org.apache.camel.impl.DefaultCamelContext.addRoutes(DefaultCamelContext.java:1029) ~[camel-core-2.20.1.jar:2.20.1]
	at org.apache.camel.spring.boot.RoutesCollector.onApplicationEvent(RoutesCollector.java:131) ~[camel-spring-boot-2.20.1.jar:2.20.1]
	... 40 common frames omitted

2021-04-03 02:01:01.251  INFO 24500 --- [           main] o.s.w.c.s.GenericWebApplicationContext   : Closing org.springframework.web.context.support.GenericWebApplicationContext@5b38c1ec: startup date [Sat Apr 03 02:00:56 BRT 2021]; root of context hierarchy
2021-04-03 02:01:01.251  INFO 24500 --- [           main] o.s.c.support.DefaultLifecycleProcessor  : Stopping beans in phase 2147483647
2021-04-03 02:01:01.251  INFO 24500 --- [           main] o.a.camel.spring.SpringCamelContext      : Apache Camel 2.20.1 (CamelContext: camel-1) is shutting down
2021-04-03 02:01:01.268  INFO 24500 --- [           main] o.a.camel.spring.SpringCamelContext      : Apache Camel 2.20.1 (CamelContext: camel-1) uptime 
2021-04-03 02:01:01.268  INFO 24500 --- [           main] o.a.camel.spring.SpringCamelContext      : Apache Camel 2.20.1 (CamelContext: camel-1) is shutdown in 0.017 seconds
2021-04-03 02:01:01.268 ERROR 24500 --- [           main] o.s.test.context.TestContextManager      : Caught exception while allowing TestExecutionListener [org.springframework.test.context.web.ServletTestExecutionListener@5762806e] to prepare test instance [br.com.sigo.DemoApplicationTests@49d543a9]

java.lang.IllegalStateException: Failed to load ApplicationContext
	at org.springframework.test.context.cache.DefaultCacheAwareContextLoaderDelegate.loadContext(DefaultCacheAwareContextLoaderDelegate.java:124) ~[spring-test-4.3.13.RELEASE.jar:4.3.13.RELEASE]
	at org.springframework.test.context.support.DefaultTestContext.getApplicationContext(DefaultTestContext.java:83) ~[spring-test-4.3.13.RELEASE.jar:4.3.13.RELEASE]
	at org.springframework.test.context.web.ServletTestExecutionListener.setUpRequestContextIfNecessary(ServletTestExecutionListener.java:189) ~[spring-test-4.3.13.RELEASE.jar:4.3.13.RELEASE]
	at org.springframework.test.context.web.ServletTestExecutionListener.prepareTestInstance(ServletTestExecutionListener.java:131) ~[spring-test-4.3.13.RELEASE.jar:4.3.13.RELEASE]
	at org.springframework.test.context.TestContextManager.prepareTestInstance(TestContextManager.java:230) ~[spring-test-4.3.13.RELEASE.jar:4.3.13.RELEASE]
	at org.springframework.test.context.junit4.SpringJUnit4ClassRunner.createTest(SpringJUnit4ClassRunner.java:228) [spring-test-4.3.13.RELEASE.jar:4.3.13.RELEASE]
	at org.springframework.test.context.junit4.SpringJUnit4ClassRunner$1.runReflectiveCall(SpringJUnit4ClassRunner.java:287) [spring-test-4.3.13.RELEASE.jar:4.3.13.RELEASE]
	at org.junit.internal.runners.model.ReflectiveCallable.run(ReflectiveCallable.java:12) [junit-4.12.jar:4.12]
	at org.springframework.test.context.junit4.SpringJUnit4ClassRunner.methodBlock(SpringJUnit4ClassRunner.java:289) [spring-test-4.3.13.RELEASE.jar:4.3.13.RELEASE]
	at org.springframework.test.context.junit4.SpringJUnit4ClassRunner.runChild(SpringJUnit4ClassRunner.java:247) [spring-test-4.3.13.RELEASE.jar:4.3.13.RELEASE]
	at org.springframework.test.context.junit4.SpringJUnit4ClassRunner.runChild(SpringJUnit4ClassRunner.java:94) [spring-test-4.3.13.RELEASE.jar:4.3.13.RELEASE]
	at org.junit.runners.ParentRunner$3.run(ParentRunner.java:290) [junit-4.12.jar:4.12]
	at org.junit.runners.ParentRunner$1.schedule(ParentRunner.java:71) [junit-4.12.jar:4.12]
	at org.junit.runners.ParentRunner.runChildren(ParentRunner.java:288) [junit-4.12.jar:4.12]
	at org.junit.runners.ParentRunner.access$000(ParentRunner.java:58) [junit-4.12.jar:4.12]
	at org.junit.runners.ParentRunner$2.evaluate(ParentRunner.java:268) [junit-4.12.jar:4.12]
	at org.springframework.test.context.junit4.statements.RunBeforeTestClassCallbacks.evaluate(RunBeforeTestClassCallbacks.java:61) [spring-test-4.3.13.RELEASE.jar:4.3.13.RELEASE]
	at org.springframework.test.context.junit4.statements.RunAfterTestClassCallbacks.evaluate(RunAfterTestClassCallbacks.java:70) [spring-test-4.3.13.RELEASE.jar:4.3.13.RELEASE]
	at org.junit.runners.ParentRunner.run(ParentRunner.java:363) [junit-4.12.jar:4.12]
	at org.springframework.test.context.junit4.SpringJUnit4ClassRunner.run(SpringJUnit4ClassRunner.java:191) [spring-test-4.3.13.RELEASE.jar:4.3.13.RELEASE]
	at org.apache.maven.surefire.junit4.JUnit4Provider.execute(JUnit4Provider.java:283) [surefire-junit4-2.18.1.jar:2.18.1]
	at org.apache.maven.surefire.junit4.JUnit4Provider.executeWithRerun(JUnit4Provider.java:173) [surefire-junit4-2.18.1.jar:2.18.1]
	at org.apache.maven.surefire.junit4.JUnit4Provider.executeTestSet(JUnit4Provider.java:153) [surefire-junit4-2.18.1.jar:2.18.1]
	at org.apache.maven.surefire.junit4.JUnit4Provider.invoke(JUnit4Provider.java:128) [surefire-junit4-2.18.1.jar:2.18.1]
	at org.apache.maven.surefire.booter.ForkedBooter.invokeProviderInSameClassLoader(ForkedBooter.java:203) [surefire-booter-2.18.1.jar:2.18.1]
	at org.apache.maven.surefire.booter.ForkedBooter.runSuitesInProcess(ForkedBooter.java:155) [surefire-booter-2.18.1.jar:2.18.1]
	at org.apache.maven.surefire.booter.ForkedBooter.main(ForkedBooter.java:103) [surefire-booter-2.18.1.jar:2.18.1]
Caused by: org.apache.camel.spring.boot.CamelSpringBootInitializationException: java.lang.IllegalArgumentException: Must add verb first, such as get/post/delete
	at org.apache.camel.spring.boot.RoutesCollector.onApplicationEvent(RoutesCollector.java:133) ~[camel-spring-boot-2.20.1.jar:2.20.1]
	at org.apache.camel.spring.boot.RoutesCollector.onApplicationEvent(RoutesCollector.java:57) ~[camel-spring-boot-2.20.1.jar:2.20.1]
	at org.springframework.context.event.SimpleApplicationEventMulticaster.doInvokeListener(SimpleApplicationEventMulticaster.java:172) ~[spring-context-4.3.13.RELEASE.jar:4.3.13.RELEASE]
	at org.springframework.context.event.SimpleApplicationEventMulticaster.invokeListener(SimpleApplicationEventMulticaster.java:165) ~[spring-context-4.3.13.RELEASE.jar:4.3.13.RELEASE]
	at org.springframework.context.event.SimpleApplicationEventMulticaster.multicastEvent(SimpleApplicationEventMulticaster.java:139) ~[spring-context-4.3.13.RELEASE.jar:4.3.13.RELEASE]
	at org.springframework.context.support.AbstractApplicationContext.publishEvent(AbstractApplicationContext.java:393) ~[spring-context-4.3.13.RELEASE.jar:4.3.13.RELEASE]
	at org.springframework.context.support.AbstractApplicationContext.publishEvent(AbstractApplicationContext.java:347) ~[spring-context-4.3.13.RELEASE.jar:4.3.13.RELEASE]
	at org.springframework.context.support.AbstractApplicationContext.finishRefresh(AbstractApplicationContext.java:883) ~[spring-context-4.3.13.RELEASE.jar:4.3.13.RELEASE]
	at org.springframework.context.support.AbstractApplicationContext.refresh(AbstractApplicationContext.java:546) ~[spring-context-4.3.13.RELEASE.jar:4.3.13.RELEASE]
	at org.springframework.boot.SpringApplication.refresh(SpringApplication.java:693) ~[spring-boot-1.5.9.RELEASE.jar:1.5.9.RELEASE]
	at org.springframework.boot.SpringApplication.refreshContext(SpringApplication.java:360) ~[spring-boot-1.5.9.RELEASE.jar:1.5.9.RELEASE]
	at org.springframework.boot.SpringApplication.run(SpringApplication.java:303) ~[spring-boot-1.5.9.RELEASE.jar:1.5.9.RELEASE]
	at org.springframework.boot.test.context.SpringBootContextLoader.loadContext(SpringBootContextLoader.java:120) ~[spring-boot-test-1.5.9.RELEASE.jar:1.5.9.RELEASE]
	at org.springframework.test.context.cache.DefaultCacheAwareContextLoaderDelegate.loadContextInternal(DefaultCacheAwareContextLoaderDelegate.java:98) ~[spring-test-4.3.13.RELEASE.jar:4.3.13.RELEASE]
	at org.springframework.test.context.cache.DefaultCacheAwareContextLoaderDelegate.loadContext(DefaultCacheAwareContextLoaderDelegate.java:116) ~[spring-test-4.3.13.RELEASE.jar:4.3.13.RELEASE]
	... 26 common frames omitted
Caused by: java.lang.IllegalArgumentException: Must add verb first, such as get/post/delete
	at org.apache.camel.model.rest.RestDefinition.to(RestDefinition.java:530) ~[camel-core-2.20.1.jar:2.20.1]
	at br.com.sigo.config.CamelRouteConfig.configure(CamelRouteConfig.java:33) ~[classes/:na]
	at org.apache.camel.builder.RouteBuilder.checkInitialized(RouteBuilder.java:462) ~[camel-core-2.20.1.jar:2.20.1]
	at org.apache.camel.builder.RouteBuilder.configureRoutes(RouteBuilder.java:402) ~[camel-core-2.20.1.jar:2.20.1]
	at org.apache.camel.builder.RouteBuilder.addRoutesToCamelContext(RouteBuilder.java:383) ~[camel-core-2.20.1.jar:2.20.1]
	at org.apache.camel.impl.DefaultCamelContext$1.call(DefaultCamelContext.java:1032) ~[camel-core-2.20.1.jar:2.20.1]
	at org.apache.camel.impl.DefaultCamelContext$1.call(DefaultCamelContext.java:1029) ~[camel-core-2.20.1.jar:2.20.1]
	at org.apache.camel.impl.DefaultCamelContext.doWithDefinedClassLoader(DefaultCamelContext.java:3268) ~[camel-core-2.20.1.jar:2.20.1]
	at org.apache.camel.impl.DefaultCamelContext.addRoutes(DefaultCamelContext.java:1029) ~[camel-core-2.20.1.jar:2.20.1]
	at org.apache.camel.spring.boot.RoutesCollector.onApplicationEvent(RoutesCollector.java:131) ~[camel-spring-boot-2.20.1.jar:2.20.1]
	... 40 common frames omitted

]]></system-out>
  </testcase>
</testsuite>